#
# There is insufficient memory for the Java Runtime Environment to continue.
# Native memory allocation (mmap) failed to map 53477376 bytes for committing reserved memory.
# Possible reasons:
#   The system is out of physical RAM or swap space
#   The process is running with CompressedOops enabled, and the Java Heap may be blocking the growth of the native heap
# Possible solutions:
#   Reduce memory load on the system
#   Increase physical memory or swap space
#   Check if swap backing store is full
#   Decrease Java heap size (-Xmx/-Xms)
#   Decrease number of Java threads
#   Decrease Java thread stack sizes (-Xss)
#   Set larger code cache with -XX:ReservedCodeCacheSize=
#   JVM is running with Unscaled Compressed Oops mode in which the Java heap is
#     placed in the first 4GB address space. The Java Heap base address is the
#     maximum limit for the native heap growth. Please use -XX:HeapBaseMinAddress
#     to set the Java Heap base and to place the Java Heap above 4GB virtual address.
# This output file may be truncated or incomplete.
#
#  Out of Memory Error (os_linux.cpp:2877), pid=4482, tid=4490
#
# JRE version: OpenJDK Runtime Environment (11.0.8) (build 11.0.8+0-b944-P17168821)
# Java VM: OpenJDK 64-Bit Server VM (11.0.8+0-b944-6842174, mixed mode, tiered, compressed oops, g1 gc, linux-amd64)
# No core dump will be written. Core dumps have been disabled. To enable core dumping, try "ulimit -c unlimited" before starting Java again
#

---------------  S U M M A R Y ------------

Command Line: org.jetbrains.kotlin.cli.jvm.K2JVMCompiler @/home/ADMIN/AndroidStudioProjects/ShoppingList2/app/build/20210528_11173578502970522698.compiler.options

Host: Intel(R) Core(TM) i3-5010U CPU @ 2.10GHz, 4 cores, 3G, MX 19.3 patito feo
Time: Fri May 28 16:58:40 2021 IST elapsed time: 42 seconds (0d 0h 0m 42s)

---------------  T H R E A D  ---------------

Current thread (0x00007f41680f2000):  VMThread "VM Thread" [stack: 0x00007f41473fb000,0x00007f41474fb000] [id=4490]

Stack: [0x00007f41473fb000,0x00007f41474fb000],  sp=0x00007f41474f8e80,  free space=1015k
Native frames: (J=compiled Java code, A=aot compiled Java code, j=interpreted, Vv=VM code, C=native code)
V  [libjvm.so+0xc4399b]  VMError::report_and_die(int, char const*, char const*, __va_list_tag*, Thread*, unsigned char*, void*, void*, char const*, int, unsigned long)+0x75b
V  [libjvm.so+0xc4403a]  VMError::report_and_die(Thread*, char const*, int, unsigned long, VMErrorType, char const*, __va_list_tag*)+0x3a
V  [libjvm.so+0x5f067a]  report_vm_out_of_memory(char const*, int, unsigned long, VMErrorType, char const*, ...)+0xba
V  [libjvm.so+0xa90d93]  os::Linux::commit_memory_impl(char*, unsigned long, bool)+0xe3
V  [libjvm.so+0xa90f27]  os::pd_commit_memory_or_exit(char*, unsigned long, unsigned long, bool, char const*)+0x27
V  [libjvm.so+0xa8a008]  os::commit_memory_or_exit(char*, unsigned long, unsigned long, bool, char const*)+0x18
V  [libjvm.so+0x6d0095]  G1PageBasedVirtualSpace::commit_internal(unsigned long, unsigned long)+0x195
V  [libjvm.so+0x6d030f]  G1PageBasedVirtualSpace::commit(unsigned long, unsigned long)+0x14f
V  [libjvm.so+0x6d60f2]  G1RegionsLargerThanCommitSizeMapper::commit_regions(unsigned int, unsigned long, WorkGang*)+0x42
V  [libjvm.so+0x73d569]  HeapRegionManager::commit_regions(unsigned int, unsigned long, WorkGang*)+0xb9
V  [libjvm.so+0x73d813]  HeapRegionManager::make_regions_available(unsigned int, unsigned int, WorkGang*)+0x63
V  [libjvm.so+0x73dce4]  HeapRegionManager::expand_at(unsigned int, unsigned int, WorkGang*)+0x114
V  [libjvm.so+0x69a3bf]  G1CollectedHeap::expand(unsigned long, WorkGang*, double*)+0xaf
V  [libjvm.so+0x6a0bd8]  G1CollectedHeap::do_collection_pause_at_safepoint(double)+0xad8
V  [libjvm.so+0xc4c4f1]  VM_G1CollectForAllocation::doit()+0xc1
V  [libjvm.so+0xc45466]  VM_Operation::evaluate()+0xc6
V  [libjvm.so+0xc4b8c7]  VMThread::evaluate_operation(VM_Operation*)+0x117
V  [libjvm.so+0xc4b426]  VMThread::loop()+0x426
V  [libjvm.so+0xc4af0f]  VMThread::run()+0x6f
V  [libjvm.so+0xbe0398]  Thread::call_run()+0x68
V  [libjvm.so+0xa8da0e]  thread_native_entry(Thread*)+0x1ce

VM_Operation (0x00007f416c4f3790): G1CollectForAllocation, mode: safepoint, requested by thread 0x00007f4168015800


---------------  P R O C E S S  ---------------

Threads class SMR info:
_java_thread_list=0x00007f416818e4e0, length=9, elements={
0x00007f4168015800, 0x00007f41680fa800, 0x00007f41680ff000, 0x00007f4168114000,
0x00007f4168116000, 0x00007f4168118000, 0x00007f416811a000, 0x00007f416817e800,
0x00007f416818d000
}

Java Threads: ( => current thread )
  0x00007f4168015800 JavaThread "main" [_thread_blocked, id=4484, stack(0x00007f416c3f7000,0x00007f416c4f8000)]
  0x00007f41680fa800 JavaThread "Reference Handler" daemon [_thread_blocked, id=4491, stack(0x00007f41472f8000,0x00007f41473f9000)]
  0x00007f41680ff000 JavaThread "Finalizer" daemon [_thread_blocked, id=4492, stack(0x00007f41471f7000,0x00007f41472f8000)]
  0x00007f4168114000 JavaThread "Signal Dispatcher" daemon [_thread_blocked, id=4493, stack(0x00007f41470f6000,0x00007f41471f7000)]
  0x00007f4168116000 JavaThread "C2 CompilerThread0" daemon [_thread_blocked, id=4494, stack(0x00007f4146ff5000,0x00007f41470f6000)]
  0x00007f4168118000 JavaThread "C1 CompilerThread0" daemon [_thread_blocked, id=4495, stack(0x00007f4146ef4000,0x00007f4146ff5000)]
  0x00007f416811a000 JavaThread "Sweeper thread" daemon [_thread_blocked, id=4496, stack(0x00007f4146df3000,0x00007f4146ef4000)]
  0x00007f416817e800 JavaThread "Service Thread" daemon [_thread_blocked, id=4497, stack(0x00007f4146cf2000,0x00007f4146df3000)]
  0x00007f416818d000 JavaThread "Common-Cleaner" daemon [_thread_blocked, id=4499, stack(0x00007f4146aef000,0x00007f4146bf0000)]

Other Threads:
=>0x00007f41680f2000 VMThread "VM Thread" [stack: 0x00007f41473fb000,0x00007f41474fb000] [id=4490]
  0x00007f4168180800 WatcherThread [stack: 0x00007f4146bf2000,0x00007f4146cf2000] [id=4498]
  0x00007f416802d000 GCTaskThread "GC Thread#0" [stack: 0x00007f4154e48000,0x00007f4154f48000] [id=4485]
  0x00007f4138001000 GCTaskThread "GC Thread#1" [stack: 0x00007f41461c7000,0x00007f41462c7000] [id=4500]
  0x00007f4138039800 GCTaskThread "GC Thread#2" [stack: 0x00007f4126acc000,0x00007f4126bcc000] [id=4505]
  0x00007f4168048000 ConcurrentGCThread "G1 Main Marker" [stack: 0x00007f4154393000,0x00007f4154493000] [id=4486]
  0x00007f4168049800 ConcurrentGCThread "G1 Conc#0" [stack: 0x00007f4154291000,0x00007f4154391000] [id=4487]
  0x00007f416808d800 ConcurrentGCThread "G1 Refine#0" [stack: 0x00007f4147dff000,0x00007f4147eff000] [id=4488]
  0x00007f416808f000 ConcurrentGCThread "G1 Young RemSet Sampling" [stack: 0x00007f4147cfd000,0x00007f4147dfd000] [id=4489]

Threads with active compile tasks:

VM state:at safepoint (normal execution)

VM Mutex/Monitor currently owned by a thread:  ([mutex/lock_event])
[0x00007f4168012730] Threads_lock - owner thread: 0x00007f41680f2000
[0x00007f4168012f10] Heap_lock - owner thread: 0x00007f4168015800

Heap address: 0x00000000c3600000, size: 970 MB, Compressed Oops mode: 32-bit
Narrow klass base: 0x0000000000000000, Narrow klass shift: 3
Compressed class space size: 1073741824 Address: 0x0000000100000000

Heap:
 garbage-first heap   total 181248K, used 61967K [0x00000000c3600000, 0x0000000100000000)
  region size 1024K, 3 young (3072K), 3 survivors (3072K)
 Metaspace       used 75498K, capacity 76251K, committed 77696K, reserved 1118208K
  class space    used 8459K, capacity 8744K, committed 8832K, reserved 1048576K
Heap Regions: E=young(eden), S=young(survivor), O=old, HS=humongous(starts), HC=humongous(continues), CS=collection set, F=free, A=archive, TAMS=top-at-mark-start (previous, next)
|   0|0x00000000c3600000, 0x00000000c3700000, 0x00000000c3700000|100%|HS|  |TAMS 0x00000000c3700000, 0x00000000c3600000| Complete 
|   1|0x00000000c3700000, 0x00000000c3800000, 0x00000000c3800000|100%|HC|  |TAMS 0x00000000c3800000, 0x00000000c3700000| Complete 
|   2|0x00000000c3800000, 0x00000000c3900000, 0x00000000c3900000|100%|HC|  |TAMS 0x00000000c3900000, 0x00000000c3800000| Complete 
|   3|0x00000000c3900000, 0x00000000c3a00000, 0x00000000c3a00000|100%| O|  |TAMS 0x00000000c3a00000, 0x00000000c3900000| Untracked 
|   4|0x00000000c3a00000, 0x00000000c3b00000, 0x00000000c3b00000|100%| O|  |TAMS 0x00000000c3b00000, 0x00000000c3a00000| Untracked 
|   5|0x00000000c3b00000, 0x00000000c3c00000, 0x00000000c3c00000|100%| O|  |TAMS 0x00000000c3c00000, 0x00000000c3b00000| Untracked 
|   6|0x00000000c3c00000, 0x00000000c3d00000, 0x00000000c3d00000|100%| O|  |TAMS 0x00000000c3d00000, 0x00000000c3c00000| Untracked 
|   7|0x00000000c3d00000, 0x00000000c3e00000, 0x00000000c3e00000|100%| O|  |TAMS 0x00000000c3e00000, 0x00000000c3d00000| Untracked 
|   8|0x00000000c3e00000, 0x00000000c3f00000, 0x00000000c3f00000|100%| O|  |TAMS 0x00000000c3f00000, 0x00000000c3e00000| Untracked 
|   9|0x00000000c3f00000, 0x00000000c4000000, 0x00000000c4000000|100%|HS|  |TAMS 0x00000000c4000000, 0x00000000c3f00000| Complete 
|  10|0x00000000c4000000, 0x00000000c4100000, 0x00000000c4100000|100%|HC|  |TAMS 0x00000000c4100000, 0x00000000c4000000| Complete 
|  11|0x00000000c4100000, 0x00000000c4200000, 0x00000000c4200000|100%|HC|  |TAMS 0x00000000c4200000, 0x00000000c4100000| Complete 
|  12|0x00000000c4200000, 0x00000000c4300000, 0x00000000c4300000|100%|HS|  |TAMS 0x00000000c4300000, 0x00000000c4200000| Complete 
|  13|0x00000000c4300000, 0x00000000c4400000, 0x00000000c4400000|100%|HC|  |TAMS 0x00000000c4400000, 0x00000000c4300000| Complete 
|  14|0x00000000c4400000, 0x00000000c4500000, 0x00000000c4500000|100%|HC|  |TAMS 0x00000000c4500000, 0x00000000c4400000| Complete 
|  15|0x00000000c4500000, 0x00000000c4600000, 0x00000000c4600000|100%|HS|  |TAMS 0x00000000c4600000, 0x00000000c4500000| Complete 
|  16|0x00000000c4600000, 0x00000000c4700000, 0x00000000c4700000|100%|HC|  |TAMS 0x00000000c4700000, 0x00000000c4600000| Complete 
|  17|0x00000000c4700000, 0x00000000c4800000, 0x00000000c4800000|100%| O|  |TAMS 0x00000000c4800000, 0x00000000c4700000| Untracked 
|  18|0x00000000c4800000, 0x00000000c4900000, 0x00000000c4900000|100%| O|  |TAMS 0x00000000c4900000, 0x00000000c4800000| Untracked 
|  19|0x00000000c4900000, 0x00000000c4a00000, 0x00000000c4a00000|100%| O|  |TAMS 0x00000000c4a00000, 0x00000000c4900000| Untracked 
|  20|0x00000000c4a00000, 0x00000000c4b00000, 0x00000000c4b00000|100%| O|  |TAMS 0x00000000c4b00000, 0x00000000c4a00000| Untracked 
|  21|0x00000000c4b00000, 0x00000000c4c00000, 0x00000000c4c00000|100%| O|  |TAMS 0x00000000c4c00000, 0x00000000c4b00000| Untracked 
|  22|0x00000000c4c00000, 0x00000000c4d00000, 0x00000000c4d00000|100%| O|  |TAMS 0x00000000c4d00000, 0x00000000c4c00000| Untracked 
|  23|0x00000000c4d00000, 0x00000000c4e00000, 0x00000000c4e00000|100%| O|  |TAMS 0x00000000c4e00000, 0x00000000c4d00000| Untracked 
|  24|0x00000000c4e00000, 0x00000000c4f00000, 0x00000000c4f00000|100%| O|  |TAMS 0x00000000c4f00000, 0x00000000c4e00000| Untracked 
|  25|0x00000000c4f00000, 0x00000000c5000000, 0x00000000c5000000|100%| O|  |TAMS 0x00000000c5000000, 0x00000000c4f00000| Untracked 
|  26|0x00000000c5000000, 0x00000000c5100000, 0x00000000c5100000|100%| O|  |TAMS 0x00000000c5100000, 0x00000000c5000000| Untracked 
|  27|0x00000000c5100000, 0x00000000c5200000, 0x00000000c5200000|100%| O|  |TAMS 0x00000000c5200000, 0x00000000c5100000| Untracked 
|  28|0x00000000c5200000, 0x00000000c5300000, 0x00000000c5300000|100%| O|  |TAMS 0x00000000c5300000, 0x00000000c5200000| Untracked 
|  29|0x00000000c5300000, 0x00000000c5400000, 0x00000000c5400000|100%| O|  |TAMS 0x00000000c5400000, 0x00000000c5300000| Untracked 
|  30|0x00000000c5400000, 0x00000000c5500000, 0x00000000c5500000|100%| O|  |TAMS 0x00000000c5500000, 0x00000000c5400000| Untracked 
|  31|0x00000000c5500000, 0x00000000c5600000, 0x00000000c5600000|100%| O|  |TAMS 0x00000000c5600000, 0x00000000c5500000| Untracked 
|  32|0x00000000c5600000, 0x00000000c5700000, 0x00000000c5700000|100%| O|  |TAMS 0x00000000c5700000, 0x00000000c5600000| Untracked 
|  33|0x00000000c5700000, 0x00000000c5800000, 0x00000000c5800000|100%| O|  |TAMS 0x00000000c5800000, 0x00000000c5700000| Untracked 
|  34|0x00000000c5800000, 0x00000000c5900000, 0x00000000c5900000|100%| O|  |TAMS 0x00000000c5900000, 0x00000000c5800000| Untracked 
|  35|0x00000000c5900000, 0x00000000c5a00000, 0x00000000c5a00000|100%| O|  |TAMS 0x00000000c5a00000, 0x00000000c5900000| Untracked 
|  36|0x00000000c5a00000, 0x00000000c5b00000, 0x00000000c5b00000|100%| O|  |TAMS 0x00000000c5b00000, 0x00000000c5a00000| Untracked 
|  37|0x00000000c5b00000, 0x00000000c5c00000, 0x00000000c5c00000|100%| O|  |TAMS 0x00000000c5c00000, 0x00000000c5b00000| Untracked 
|  38|0x00000000c5c00000, 0x00000000c5d00000, 0x00000000c5d00000|100%| O|  |TAMS 0x00000000c5d00000, 0x00000000c5c00000| Untracked 
|  39|0x00000000c5d00000, 0x00000000c5e00000, 0x00000000c5e00000|100%| O|  |TAMS 0x00000000c5e00000, 0x00000000c5d00000| Untracked 
|  40|0x00000000c5e00000, 0x00000000c5f00000, 0x00000000c5f00000|100%| O|  |TAMS 0x00000000c5f00000, 0x00000000c5e00000| Untracked 
|  41|0x00000000c5f00000, 0x00000000c6000000, 0x00000000c6000000|100%| O|  |TAMS 0x00000000c6000000, 0x00000000c5f00000| Untracked 
|  42|0x00000000c6000000, 0x00000000c6100000, 0x00000000c6100000|100%| O|  |TAMS 0x00000000c6100000, 0x00000000c6000000| Untracked 
|  43|0x00000000c6100000, 0x00000000c6200000, 0x00000000c6200000|100%| O|  |TAMS 0x00000000c6200000, 0x00000000c6100000| Untracked 
|  44|0x00000000c6200000, 0x00000000c6300000, 0x00000000c6300000|100%| O|  |TAMS 0x00000000c6300000, 0x00000000c6200000| Untracked 
|  45|0x00000000c6300000, 0x00000000c6400000, 0x00000000c6400000|100%| O|  |TAMS 0x00000000c63c3000, 0x00000000c6300000| Untracked 
|  46|0x00000000c6400000, 0x00000000c6500000, 0x00000000c6500000|100%| O|  |TAMS 0x00000000c6400000, 0x00000000c6400000| Untracked 
|  47|0x00000000c6500000, 0x00000000c6600000, 0x00000000c6600000|100%| O|  |TAMS 0x00000000c6500000, 0x00000000c6500000| Untracked 
|  48|0x00000000c6600000, 0x00000000c6700000, 0x00000000c6700000|100%| O|  |TAMS 0x00000000c6600000, 0x00000000c6600000| Untracked 
|  49|0x00000000c6700000, 0x00000000c6800000, 0x00000000c6800000|100%| O|  |TAMS 0x00000000c6700000, 0x00000000c6700000| Untracked 
|  50|0x00000000c6800000, 0x00000000c6900000, 0x00000000c6900000|100%| O|  |TAMS 0x00000000c6800000, 0x00000000c6800000| Untracked 
|  51|0x00000000c6900000, 0x00000000c6a00000, 0x00000000c6a00000|100%| O|  |TAMS 0x00000000c6900000, 0x00000000c6900000| Untracked 
|  52|0x00000000c6a00000, 0x00000000c6b00000, 0x00000000c6b00000|100%| O|  |TAMS 0x00000000c6a00000, 0x00000000c6a00000| Untracked 
|  53|0x00000000c6b00000, 0x00000000c6c00000, 0x00000000c6c00000|100%| O|  |TAMS 0x00000000c6b00000, 0x00000000c6b00000| Untracked 
|  54|0x00000000c6c00000, 0x00000000c6d00000, 0x00000000c6d00000|100%| O|  |TAMS 0x00000000c6c00000, 0x00000000c6c00000| Untracked 
|  55|0x00000000c6d00000, 0x00000000c6e00000, 0x00000000c6e00000|100%| O|  |TAMS 0x00000000c6d00000, 0x00000000c6d00000| Untracked 
|  56|0x00000000c6e00000, 0x00000000c6f00000, 0x00000000c6f00000|100%| O|  |TAMS 0x00000000c6e00000, 0x00000000c6e00000| Untracked 
|  57|0x00000000c6f00000, 0x00000000c7000000, 0x00000000c7000000|100%| O|  |TAMS 0x00000000c6f00000, 0x00000000c6f00000| Untracked 
|  58|0x00000000c7000000, 0x00000000c7030200, 0x00000000c7100000| 18%| O|  |TAMS 0x00000000c7000000, 0x00000000c7000000| Untracked 
|  59|0x00000000c7100000, 0x00000000c7100000, 0x00000000c7200000|  0%| F|  |TAMS 0x00000000c7100000, 0x00000000c7100000| Untracked 
|  60|0x00000000c7200000, 0x00000000c7200000, 0x00000000c7300000|  0%| F|  |TAMS 0x00000000c7200000, 0x00000000c7200000| Untracked 
|  61|0x00000000c7300000, 0x00000000c7300000, 0x00000000c7400000|  0%| F|  |TAMS 0x00000000c7300000, 0x00000000c7300000| Untracked 
|  62|0x00000000c7400000, 0x00000000c7400000, 0x00000000c7500000|  0%| F|  |TAMS 0x00000000c7400000, 0x00000000c7400000| Untracked 
|  63|0x00000000c7500000, 0x00000000c7500000, 0x00000000c7600000|  0%| F|  |TAMS 0x00000000c7500000, 0x00000000c7500000| Untracked 
|  64|0x00000000c7600000, 0x00000000c7600000, 0x00000000c7700000|  0%| F|  |TAMS 0x00000000c7600000, 0x00000000c7600000| Untracked 
|  65|0x00000000c7700000, 0x00000000c7700000, 0x00000000c7800000|  0%| F|  |TAMS 0x00000000c7700000, 0x00000000c7700000| Untracked 
|  66|0x00000000c7800000, 0x00000000c7800000, 0x00000000c7900000|  0%| F|  |TAMS 0x00000000c7800000, 0x00000000c7800000| Untracked 
|  67|0x00000000c7900000, 0x00000000c7900000, 0x00000000c7a00000|  0%| F|  |TAMS 0x00000000c7900000, 0x00000000c7900000| Untracked 
|  68|0x00000000c7a00000, 0x00000000c7a00000, 0x00000000c7b00000|  0%| F|  |TAMS 0x00000000c7a00000, 0x00000000c7a00000| Untracked 
|  69|0x00000000c7b00000, 0x00000000c7b00000, 0x00000000c7c00000|  0%| F|  |TAMS 0x00000000c7b00000, 0x00000000c7b00000| Untracked 
|  70|0x00000000c7c00000, 0x00000000c7c00000, 0x00000000c7d00000|  0%| F|  |TAMS 0x00000000c7c00000, 0x00000000c7c00000| Untracked 
|  71|0x00000000c7d00000, 0x00000000c7d00000, 0x00000000c7e00000|  0%| F|  |TAMS 0x00000000c7d00000, 0x00000000c7d00000| Untracked 
|  72|0x00000000c7e00000, 0x00000000c7e00000, 0x00000000c7f00000|  0%| F|  |TAMS 0x00000000c7e00000, 0x00000000c7e00000| Untracked 
|  73|0x00000000c7f00000, 0x00000000c7f00000, 0x00000000c8000000|  0%| F|  |TAMS 0x00000000c7f00000, 0x00000000c7f00000| Untracked 
|  74|0x00000000c8000000, 0x00000000c8000000, 0x00000000c8100000|  0%| F|  |TAMS 0x00000000c8000000, 0x00000000c8000000| Untracked 
|  75|0x00000000c8100000, 0x00000000c8100000, 0x00000000c8200000|  0%| F|  |TAMS 0x00000000c8100000, 0x00000000c8100000| Untracked 
|  76|0x00000000c8200000, 0x00000000c8200000, 0x00000000c8300000|  0%| F|  |TAMS 0x00000000c8200000, 0x00000000c8200000| Untracked 
|  77|0x00000000c8300000, 0x00000000c8300000, 0x00000000c8400000|  0%| F|  |TAMS 0x00000000c8300000, 0x00000000c8300000| Untracked 
|  78|0x00000000c8400000, 0x00000000c8400000, 0x00000000c8500000|  0%| F|  |TAMS 0x00000000c8400000, 0x00000000c8400000| Untracked 
|  79|0x00000000c8500000, 0x00000000c8500000, 0x00000000c8600000|  0%| F|  |TAMS 0x00000000c8500000, 0x00000000c8500000| Untracked 
|  80|0x00000000c8600000, 0x00000000c8600000, 0x00000000c8700000|  0%| F|  |TAMS 0x00000000c8600000, 0x00000000c8600000| Untracked 
|  81|0x00000000c8700000, 0x00000000c8700000, 0x00000000c8800000|  0%| F|  |TAMS 0x00000000c8700000, 0x00000000c8700000| Untracked 
|  82|0x00000000c8800000, 0x00000000c8800000, 0x00000000c8900000|  0%| F|  |TAMS 0x00000000c8800000, 0x00000000c8800000| Untracked 
|  83|0x00000000c8900000, 0x00000000c8900000, 0x00000000c8a00000|  0%| F|  |TAMS 0x00000000c8900000, 0x00000000c8900000| Untracked 
|  84|0x00000000c8a00000, 0x00000000c8a00000, 0x00000000c8b00000|  0%| F|  |TAMS 0x00000000c8a00000, 0x00000000c8a00000| Untracked 
|  85|0x00000000c8b00000, 0x00000000c8b53a80, 0x00000000c8c00000| 32%| S|CS|TAMS 0x00000000c8b00000, 0x00000000c8b00000| Complete 
|  86|0x00000000c8c00000, 0x00000000c8d00000, 0x00000000c8d00000|100%| S|CS|TAMS 0x00000000c8c00000, 0x00000000c8c00000| Complete 
|  87|0x00000000c8d00000, 0x00000000c8d00000, 0x00000000c8e00000|  0%| F|  |TAMS 0x00000000c8d00000, 0x00000000c8d00000| Untracked 
|  88|0x00000000c8e00000, 0x00000000c8e00000, 0x00000000c8f00000|  0%| F|  |TAMS 0x00000000c8e00000, 0x00000000c8e00000| Untracked 
|  89|0x00000000c8f00000, 0x00000000c8f00000, 0x00000000c9000000|  0%| F|  |TAMS 0x00000000c8f00000, 0x00000000c8f00000| Untracked 
|  90|0x00000000c9000000, 0x00000000c9000000, 0x00000000c9100000|  0%| F|  |TAMS 0x00000000c9000000, 0x00000000c9000000| Untracked 
|  91|0x00000000c9100000, 0x00000000c9200000, 0x00000000c9200000|100%| S|CS|TAMS 0x00000000c9100000, 0x00000000c9100000| Complete 
|  92|0x00000000c9200000, 0x00000000c9200000, 0x00000000c9300000|  0%| F|  |TAMS 0x00000000c9200000, 0x00000000c9200000| Untracked 
|  93|0x00000000c9300000, 0x00000000c9300000, 0x00000000c9400000|  0%| F|  |TAMS 0x00000000c9300000, 0x00000000c9300000| Untracked 
|  94|0x00000000c9400000, 0x00000000c9400000, 0x00000000c9500000|  0%| F|  |TAMS 0x00000000c9400000, 0x00000000c9400000| Untracked 
|  95|0x00000000c9500000, 0x00000000c9500000, 0x00000000c9600000|  0%| F|  |TAMS 0x00000000c9500000, 0x00000000c9500000| Untracked 
|  96|0x00000000c9600000, 0x00000000c9600000, 0x00000000c9700000|  0%| F|  |TAMS 0x00000000c9600000, 0x00000000c9600000| Untracked 
|  97|0x00000000c9700000, 0x00000000c9700000, 0x00000000c9800000|  0%| F|  |TAMS 0x00000000c9700000, 0x00000000c9700000| Untracked 
|  98|0x00000000c9800000, 0x00000000c9800000, 0x00000000c9900000|  0%| F|  |TAMS 0x00000000c9800000, 0x00000000c9800000| Untracked 
|  99|0x00000000c9900000, 0x00000000c9900000, 0x00000000c9a00000|  0%| F|  |TAMS 0x00000000c9900000, 0x00000000c9900000| Untracked 
| 100|0x00000000c9a00000, 0x00000000c9a00000, 0x00000000c9b00000|  0%| F|  |TAMS 0x00000000c9a00000, 0x00000000c9a00000| Untracked 
| 101|0x00000000c9b00000, 0x00000000c9b00000, 0x00000000c9c00000|  0%| F|  |TAMS 0x00000000c9b00000, 0x00000000c9b00000| Untracked 
| 102|0x00000000c9c00000, 0x00000000c9c00000, 0x00000000c9d00000|  0%| F|  |TAMS 0x00000000c9c00000, 0x00000000c9c00000| Untracked 
| 103|0x00000000c9d00000, 0x00000000c9d00000, 0x00000000c9e00000|  0%| F|  |TAMS 0x00000000c9d00000, 0x00000000c9d00000| Untracked 
| 104|0x00000000c9e00000, 0x00000000c9e00000, 0x00000000c9f00000|  0%| F|  |TAMS 0x00000000c9e00000, 0x00000000c9e00000| Untracked 
| 105|0x00000000c9f00000, 0x00000000c9f00000, 0x00000000ca000000|  0%| F|  |TAMS 0x00000000c9f00000, 0x00000000c9f00000| Untracked 
| 106|0x00000000ca000000, 0x00000000ca000000, 0x00000000ca100000|  0%| F|  |TAMS 0x00000000ca000000, 0x00000000ca000000| Untracked 
| 107|0x00000000ca100000, 0x00000000ca100000, 0x00000000ca200000|  0%| F|  |TAMS 0x00000000ca100000, 0x00000000ca100000| Untracked 
| 108|0x00000000ca200000, 0x00000000ca200000, 0x00000000ca300000|  0%| F|  |TAMS 0x00000000ca200000, 0x00000000ca200000| Untracked 
| 109|0x00000000ca300000, 0x00000000ca300000, 0x00000000ca400000|  0%| F|  |TAMS 0x00000000ca300000, 0x00000000ca300000| Untracked 
| 110|0x00000000ca400000, 0x00000000ca400000, 0x00000000ca500000|  0%| F|  |TAMS 0x00000000ca400000, 0x00000000ca400000| Untracked 
| 111|0x00000000ca500000, 0x00000000ca500000, 0x00000000ca600000|  0%| F|  |TAMS 0x00000000ca500000, 0x00000000ca500000| Untracked 
| 112|0x00000000ca600000, 0x00000000ca600000, 0x00000000ca700000|  0%| F|  |TAMS 0x00000000ca600000, 0x00000000ca600000| Untracked 
| 113|0x00000000ca700000, 0x00000000ca700000, 0x00000000ca800000|  0%| F|  |TAMS 0x00000000ca700000, 0x00000000ca700000| Untracked 
| 114|0x00000000ca800000, 0x00000000ca800000, 0x00000000ca900000|  0%| F|  |TAMS 0x00000000ca800000, 0x00000000ca800000| Untracked 
| 115|0x00000000ca900000, 0x00000000ca900000, 0x00000000caa00000|  0%| F|  |TAMS 0x00000000ca900000, 0x00000000ca900000| Untracked 
| 116|0x00000000caa00000, 0x00000000caa00000, 0x00000000cab00000|  0%| F|  |TAMS 0x00000000caa00000, 0x00000000caa00000| Untracked 
| 117|0x00000000cab00000, 0x00000000cab00000, 0x00000000cac00000|  0%| F|  |TAMS 0x00000000cab00000, 0x00000000cab00000| Untracked 
| 118|0x00000000cac00000, 0x00000000cac00000, 0x00000000cad00000|  0%| F|  |TAMS 0x00000000cac00000, 0x00000000cac00000| Untracked 
| 119|0x00000000cad00000, 0x00000000cad00000, 0x00000000cae00000|  0%| F|  |TAMS 0x00000000cad00000, 0x00000000cad00000| Untracked 
| 120|0x00000000cae00000, 0x00000000cae00000, 0x00000000caf00000|  0%| F|  |TAMS 0x00000000cae00000, 0x00000000cae00000| Untracked 
| 121|0x00000000caf00000, 0x00000000caf00000, 0x00000000cb000000|  0%| F|  |TAMS 0x00000000caf00000, 0x00000000caf00000| Untracked 
| 122|0x00000000cb000000, 0x00000000cb000000, 0x00000000cb100000|  0%| F|  |TAMS 0x00000000cb000000, 0x00000000cb000000| Untracked 
| 123|0x00000000cb100000, 0x00000000cb100000, 0x00000000cb200000|  0%| F|  |TAMS 0x00000000cb100000, 0x00000000cb100000| Untracked 
| 124|0x00000000cb200000, 0x00000000cb200000, 0x00000000cb300000|  0%| F|  |TAMS 0x00000000cb200000, 0x00000000cb200000| Untracked 
| 125|0x00000000cb300000, 0x00000000cb300000, 0x00000000cb400000|  0%| F|  |TAMS 0x00000000cb300000, 0x00000000cb300000| Untracked 

Card table byte_map: [0x00007f4154678000,0x00007f415485d000] _byte_map_base: 0x00007f415405d000

Marking Bits (Prev, Next): (CMBitMap*) 0x00007f4168043360, (CMBitMap*) 0x00007f4168043328
 Prev Bits: [0x00007f414e1b0000, 0x00007f414f0d8000)
 Next Bits: [0x00007f414f0d8000, 0x00007f4150000000)

Polling page: 0x00007f416dd3a000

Metaspace:

Usage:
  Non-class:     65.92 MB capacity,    65.47 MB (>99%) used,   353.19 KB ( <1%) free+waste,   114.44 KB ( <1%) overhead. 
      Class:      8.54 MB capacity,     8.26 MB ( 97%) used,   237.58 KB (  3%) free+waste,    47.12 KB ( <1%) overhead. 
       Both:     74.46 MB capacity,    73.73 MB (>99%) used,   590.77 KB ( <1%) free+waste,   161.56 KB ( <1%) overhead. 

Virtual space:
  Non-class space:       68.00 MB reserved,      67.25 MB ( 99%) committed 
      Class space:        1.00 GB reserved,       8.62 MB ( <1%) committed 
             Both:        1.07 GB reserved,      75.88 MB (  7%) committed 

Chunk freelists:
   Non-Class:  1.16 MB
       Class:  24.00 KB
        Both:  1.18 MB

MaxMetaspaceSize: unlimited
CompressedClassSpaceSize: 1.00 GB

CodeHeap 'non-profiled nmethods': size=120032Kb used=3277Kb max_used=3277Kb free=116754Kb
 bounds [0x00007f415cafb000, 0x00007f415ce3b000, 0x00007f4164033000]
CodeHeap 'profiled nmethods': size=120032Kb used=21825Kb max_used=21825Kb free=98206Kb
 bounds [0x00007f41555c3000, 0x00007f4156b23000, 0x00007f415cafb000]
CodeHeap 'non-nmethods': size=5696Kb used=1245Kb max_used=1289Kb free=4450Kb
 bounds [0x00007f4155033000, 0x00007f41552a3000, 0x00007f41555c3000]
 total_blobs=9747 nmethods=9102 adapters=554
 compilation: enabled
              stopped_count=0, restarted_count=0
 full_count=0

Compilation events (20 events):
Event: 40.865 Thread 0x00007f4168118000 nmethod 9372 0x00007f415ce28590 code [0x00007f415ce28740, 0x00007f415ce287f0]
Event: 40.865 Thread 0x00007f4168118000 9383       1       org.jetbrains.kotlin.ir.declarations.impl.IrVariableImpl::getType (5 bytes)
Event: 40.865 Thread 0x00007f4168118000 nmethod 9383 0x00007f415ce28890 code [0x00007f415ce28a40, 0x00007f415ce28af0]
Event: 40.865 Thread 0x00007f4168118000 9387       1       org.jetbrains.kotlin.ir.declarations.impl.IrFieldImpl::getType (5 bytes)
Event: 40.865 Thread 0x00007f4168118000 nmethod 9387 0x00007f415ce28b90 code [0x00007f415ce28d40, 0x00007f415ce28df0]
Event: 40.996 Thread 0x00007f4168116000 nmethod 9207 0x00007f415ce28e90 code [0x00007f415ce29100, 0x00007f415ce29b98]
Event: 40.996 Thread 0x00007f4168116000 9221       4       org.jetbrains.kotlin.ir.declarations.IrFunction::transformChildren (102 bytes)
Event: 41.099 Thread 0x00007f4168116000 nmethod 9221 0x00007f415ce2a490 code [0x00007f415ce2a760, 0x00007f415ce2c078]
Event: 41.099 Thread 0x00007f4168116000 9361       4       org.jetbrains.kotlin.ir.visitors.IrElementVisitor$DefaultImpls::visitValueParameter (24 bytes)
Event: 41.100 Thread 0x00007f4168116000 nmethod 9361 0x00007f415ce2cf10 code [0x00007f415ce2d0a0, 0x00007f415ce2d138]
Event: 41.100 Thread 0x00007f4168116000 9249       4       java.lang.StringBuilder::append (9 bytes)
Event: 41.305 Thread 0x00007f4168118000 9391       3       org.jetbrains.kotlin.ir.util.IrUtilsKt$special$$inlined$filterIsInstance$3::invoke (5 bytes)
Event: 41.358 Thread 0x00007f4168116000 nmethod 9249 0x00007f415ce2d290 code [0x00007f415ce2d440, 0x00007f415ce2dad8]
Event: 41.358 Thread 0x00007f4168116000 9310       4       java.util.LinkedHashMap::<init> (10 bytes)
Event: 41.387 Thread 0x00007f4168118000 nmethod 9391 0x00007f4156b10c90 code [0x00007f4156b10e40, 0x00007f4156b11030]
Event: 41.733 Thread 0x00007f4168116000 nmethod 9310 0x00007f415ce2de90 code [0x00007f415ce2e020, 0x00007f415ce2e098]
Event: 41.778 Thread 0x00007f4168116000 9393       4       java.lang.invoke.MethodType::hashCode (53 bytes)
Event: 41.794 Thread 0x00007f4168118000 9394       3       org.jetbrains.kotlin.backend.jvm.codegen.IrTypeMapper::classInternalName (146 bytes)
Event: 41.926 Thread 0x00007f4168118000 nmethod 9394 0x00007f4156b11110 code [0x00007f4156b11500, 0x00007f4156b12c00]
Event: 42.279 Thread 0x00007f4168116000 nmethod 9393 0x00007f415ce2e110 code [0x00007f415ce2e2c0, 0x00007f415ce2e458]

GC Heap History (20 events):
Event: 5.851 GC heap after
{Heap after GC invocations=11 (full 0):
 garbage-first heap   total 76800K, used 29413K [0x00000000c3600000, 0x0000000100000000)
  region size 1024K, 2 young (2048K), 2 survivors (2048K)
 Metaspace       used 44438K, capacity 44929K, committed 45696K, reserved 1089536K
  class space    used 5252K, capacity 5437K, committed 5504K, reserved 1048576K
}
Event: 6.364 GC heap before
{Heap before GC invocations=11 (full 0):
 garbage-first heap   total 76800K, used 51941K [0x00000000c3600000, 0x0000000100000000)
  region size 1024K, 23 young (23552K), 2 survivors (2048K)
 Metaspace       used 47479K, capacity 48013K, committed 48896K, reserved 1091584K
  class space    used 5583K, capacity 5804K, committed 5888K, reserved 1048576K
}
Event: 6.381 GC heap after
{Heap after GC invocations=12 (full 0):
 garbage-first heap   total 76800K, used 33568K [0x00000000c3600000, 0x0000000100000000)
  region size 1024K, 3 young (3072K), 3 survivors (3072K)
 Metaspace       used 47479K, capacity 48013K, committed 48896K, reserved 1091584K
  class space    used 5583K, capacity 5804K, committed 5888K, reserved 1048576K
}
Event: 6.632 GC heap before
{Heap before GC invocations=12 (full 0):
 garbage-first heap   total 76800K, used 54048K [0x00000000c3600000, 0x0000000100000000)
  region size 1024K, 23 young (23552K), 3 survivors (3072K)
 Metaspace       used 47914K, capacity 48486K, committed 49408K, reserved 1093632K
  class space    used 5601K, capacity 5808K, committed 5888K, reserved 1048576K
}
Event: 6.650 GC heap after
{Heap after GC invocations=13 (full 0):
 garbage-first heap   total 92160K, used 35580K [0x00000000c3600000, 0x0000000100000000)
  region size 1024K, 3 young (3072K), 3 survivors (3072K)
 Metaspace       used 47914K, capacity 48486K, committed 49408K, reserved 1093632K
  class space    used 5601K, capacity 5808K, committed 5888K, reserved 1048576K
}
Event: 7.200 GC heap before
{Heap before GC invocations=13 (full 0):
 garbage-first heap   total 92160K, used 60156K [0x00000000c3600000, 0x0000000100000000)
  region size 1024K, 28 young (28672K), 3 survivors (3072K)
 Metaspace       used 51124K, capacity 51709K, committed 52608K, reserved 1095680K
  class space    used 5960K, capacity 6179K, committed 6272K, reserved 1048576K
}
Event: 7.215 GC heap after
{Heap after GC invocations=14 (full 0):
 garbage-first heap   total 92160K, used 38135K [0x00000000c3600000, 0x0000000100000000)
  region size 1024K, 4 young (4096K), 4 survivors (4096K)
 Metaspace       used 51124K, capacity 51709K, committed 52608K, reserved 1095680K
  class space    used 5960K, capacity 6179K, committed 6272K, reserved 1048576K
}
Event: 7.973 GC heap before
{Heap before GC invocations=14 (full 0):
 garbage-first heap   total 92160K, used 62711K [0x00000000c3600000, 0x0000000100000000)
  region size 1024K, 29 young (29696K), 4 survivors (4096K)
 Metaspace       used 52959K, capacity 53541K, committed 54528K, reserved 1097728K
  class space    used 6074K, capacity 6318K, committed 6400K, reserved 1048576K
}
Event: 8.010 GC heap after
{Heap after GC invocations=15 (full 0):
 garbage-first heap   total 92160K, used 42420K [0x00000000c3600000, 0x0000000100000000)
  region size 1024K, 4 young (4096K), 4 survivors (4096K)
 Metaspace       used 52959K, capacity 53541K, committed 54528K, reserved 1097728K
  class space    used 6074K, capacity 6318K, committed 6400K, reserved 1048576K
}
Event: 8.904 GC heap before
{Heap before GC invocations=15 (full 0):
 garbage-first heap   total 92160K, used 66996K [0x00000000c3600000, 0x0000000100000000)
  region size 1024K, 28 young (28672K), 4 survivors (4096K)
 Metaspace       used 54718K, capacity 55328K, committed 56192K, reserved 1099776K
  class space    used 6274K, capacity 6510K, committed 6528K, reserved 1048576K
}
Event: 8.929 GC heap after
{Heap after GC invocations=16 (full 0):
 garbage-first heap   total 92160K, used 46530K [0x00000000c3600000, 0x0000000100000000)
  region size 1024K, 4 young (4096K), 4 survivors (4096K)
 Metaspace       used 54718K, capacity 55328K, committed 56192K, reserved 1099776K
  class space    used 6274K, capacity 6510K, committed 6528K, reserved 1048576K
}
Event: 9.963 GC heap before
{Heap before GC invocations=16 (full 0):
 garbage-first heap   total 92160K, used 60866K [0x00000000c3600000, 0x0000000100000000)
  region size 1024K, 20 young (20480K), 4 survivors (4096K)
 Metaspace       used 58716K, capacity 59370K, committed 60160K, reserved 1101824K
  class space    used 6863K, capacity 7153K, committed 7168K, reserved 1048576K
}
Event: 9.981 GC heap after
{Heap after GC invocations=17 (full 0):
 garbage-first heap   total 129024K, used 48605K [0x00000000c3600000, 0x0000000100000000)
  region size 1024K, 2 young (2048K), 2 survivors (2048K)
 Metaspace       used 58716K, capacity 59370K, committed 60160K, reserved 1101824K
  class space    used 6863K, capacity 7153K, committed 7168K, reserved 1048576K
}
Event: 11.604 GC heap before
{Heap before GC invocations=18 (full 0):
 garbage-first heap   total 129024K, used 83421K [0x00000000c3600000, 0x0000000100000000)
  region size 1024K, 36 young (36864K), 2 survivors (2048K)
 Metaspace       used 62828K, capacity 63583K, committed 64640K, reserved 1105920K
  class space    used 7267K, capacity 7551K, committed 7552K, reserved 1048576K
}
Event: 11.670 GC heap after
{Heap after GC invocations=19 (full 0):
 garbage-first heap   total 129024K, used 53487K [0x00000000c3600000, 0x0000000100000000)
  region size 1024K, 5 young (5120K), 5 survivors (5120K)
 Metaspace       used 62828K, capacity 63583K, committed 64640K, reserved 1105920K
  class space    used 7267K, capacity 7551K, committed 7552K, reserved 1048576K
}
Event: 20.951 GC heap before
{Heap before GC invocations=19 (full 0):
 garbage-first heap   total 129024K, used 87279K [0x00000000c3600000, 0x0000000100000000)
  region size 1024K, 38 young (38912K), 5 survivors (5120K)
 Metaspace       used 66831K, capacity 67590K, committed 68608K, reserved 1110016K
  class space    used 7615K, capacity 7905K, committed 7936K, reserved 1048576K
}
Event: 21.139 GC heap after
{Heap after GC invocations=20 (full 0):
 garbage-first heap   total 129024K, used 56562K [0x00000000c3600000, 0x0000000100000000)
  region size 1024K, 3 young (3072K), 3 survivors (3072K)
 Metaspace       used 66831K, capacity 67590K, committed 68608K, reserved 1110016K
  class space    used 7615K, capacity 7905K, committed 7936K, reserved 1048576K
}
Event: 34.313 GC heap before
{Heap before GC invocations=20 (full 0):
 garbage-first heap   total 129024K, used 91378K [0x00000000c3600000, 0x0000000100000000)
  region size 1024K, 37 young (37888K), 3 survivors (3072K)
 Metaspace       used 71473K, capacity 72166K, committed 73472K, reserved 1114112K
  class space    used 8114K, capacity 8385K, committed 8448K, reserved 1048576K
}
Event: 34.459 GC heap after
{Heap after GC invocations=21 (full 0):
 garbage-first heap   total 129024K, used 59674K [0x00000000c3600000, 0x0000000100000000)
  region size 1024K, 5 young (5120K), 5 survivors (5120K)
 Metaspace       used 71473K, capacity 72166K, committed 73472K, reserved 1114112K
  class space    used 8114K, capacity 8385K, committed 8448K, reserved 1048576K
}
Event: 42.391 GC heap before
{Heap before GC invocations=21 (full 0):
 garbage-first heap   total 129024K, used 94490K [0x00000000c3600000, 0x0000000100000000)
  region size 1024K, 39 young (39936K), 5 survivors (5120K)
 Metaspace       used 75498K, capacity 76251K, committed 77696K, reserved 1118208K
  class space    used 8459K, capacity 8744K, committed 8832K, reserved 1048576K
}

Deoptimization events (20 events):
Event: 40.403 Thread 0x00007f4168015800 Uncommon trap: trap_request=0xffffffde fr.pc=0x00007f415cded638 relative=0x0000000000001358
Event: 40.403 Thread 0x00007f4168015800 Uncommon trap: reason=class_check action=maybe_recompile pc=0x00007f415cded638 method=org.jetbrains.kotlin.ir.declarations.IrFunction.transformChildren(Lorg/jetbrains/kotlin/ir/visitors/IrElementTransformer;Ljava/lang/Object;)V @ 95 c2
Event: 40.403 Thread 0x00007f4168015800 DEOPT PACKING pc=0x00007f415cded638 sp=0x00007f416c4f4cd0
Event: 40.403 Thread 0x00007f4168015800 DEOPT UNPACKING pc=0x00007f41550594a5 sp=0x00007f416c4f4cc8 mode 2
Event: 40.403 Thread 0x00007f4168015800 Uncommon trap: trap_request=0xffffffde fr.pc=0x00007f415cded638 relative=0x0000000000001358
Event: 40.403 Thread 0x00007f4168015800 Uncommon trap: reason=class_check action=maybe_recompile pc=0x00007f415cded638 method=org.jetbrains.kotlin.ir.declarations.IrFunction.transformChildren(Lorg/jetbrains/kotlin/ir/visitors/IrElementTransformer;Ljava/lang/Object;)V @ 95 c2
Event: 40.403 Thread 0x00007f4168015800 DEOPT PACKING pc=0x00007f415cded638 sp=0x00007f416c4f4cd0
Event: 40.403 Thread 0x00007f4168015800 DEOPT UNPACKING pc=0x00007f41550594a5 sp=0x00007f416c4f4cc8 mode 2
Event: 40.403 Thread 0x00007f4168015800 Uncommon trap: trap_request=0xffffffde fr.pc=0x00007f415cded638 relative=0x0000000000001358
Event: 40.403 Thread 0x00007f4168015800 Uncommon trap: reason=class_check action=maybe_recompile pc=0x00007f415cded638 method=org.jetbrains.kotlin.ir.declarations.IrFunction.transformChildren(Lorg/jetbrains/kotlin/ir/visitors/IrElementTransformer;Ljava/lang/Object;)V @ 95 c2
Event: 40.403 Thread 0x00007f4168015800 DEOPT PACKING pc=0x00007f415cded638 sp=0x00007f416c4f4cd0
Event: 40.403 Thread 0x00007f4168015800 DEOPT UNPACKING pc=0x00007f41550594a5 sp=0x00007f416c4f4cc8 mode 2
Event: 40.403 Thread 0x00007f4168015800 Uncommon trap: trap_request=0xffffffde fr.pc=0x00007f415cdbb6bc relative=0x000000000000067c
Event: 40.403 Thread 0x00007f4168015800 Uncommon trap: reason=class_check action=maybe_recompile pc=0x00007f415cdbb6bc method=org.jetbrains.kotlin.ir.declarations.IrFunction.acceptChildren(Lorg/jetbrains/kotlin/ir/visitors/IrElementVisitor;Ljava/lang/Object;)V @ 179 c2
Event: 40.403 Thread 0x00007f4168015800 DEOPT PACKING pc=0x00007f415cdbb6bc sp=0x00007f416c4f46a0
Event: 40.403 Thread 0x00007f4168015800 DEOPT UNPACKING pc=0x00007f41550594a5 sp=0x00007f416c4f4638 mode 2
Event: 40.403 Thread 0x00007f4168015800 Uncommon trap: trap_request=0xffffffde fr.pc=0x00007f415cdbb75c relative=0x000000000000071c
Event: 40.403 Thread 0x00007f4168015800 Uncommon trap: reason=class_check action=maybe_recompile pc=0x00007f415cdbb75c method=org.jetbrains.kotlin.ir.declarations.IrFunction.acceptChildren(Lorg/jetbrains/kotlin/ir/visitors/IrElementVisitor;Ljava/lang/Object;)V @ 108 c2
Event: 40.403 Thread 0x00007f4168015800 DEOPT PACKING pc=0x00007f415cdbb75c sp=0x00007f416c4f4c80
Event: 40.403 Thread 0x00007f4168015800 DEOPT UNPACKING pc=0x00007f41550594a5 sp=0x00007f416c4f4c28 mode 2

Classes redefined (0 events):
No events

Internal exceptions (20 events):
Event: 7.294 Thread 0x00007f4168015800 Exception <a 'java/lang/NoSuchMethodError'{0x00000000c8d75870}: 'java.lang.Object java.lang.invoke.Invokers$Holder.linkToTargetMethod(java.lang.Object, java.lang.Object, java.lang.Object, java.lang.Object, java.lang.Object, java.lang.Object, java.lang.Object, java.lang.Object)'> (0x00000000c8d75870) thrown at [./src/hotspot/share/interpreter/linkResolver.cpp, line 773]
Event: 7.429 Thread 0x00007f4168015800 Exception <a 'java/lang/NoSuchMethodError'{0x00000000c8988208}: 'java.lang.Object java.lang.invoke.DirectMethodHandle$Holder.invokeStaticInit(java.lang.Object, java.lang.Object, java.lang.Object)'> (0x00000000c8988208) thrown at [./src/hotspot/share/interpreter/linkResolver.cpp, line 773]
Event: 8.437 Thread 0x00007f4168015800 Exception <a 'java/lang/NoSuchMethodError'{0x00000000c825be48}: 'int java.lang.invoke.DirectMethodHandle$Holder.invokeStaticInit(java.lang.Object, int)'> (0x00000000c825be48) thrown at [./src/hotspot/share/interpreter/linkResolver.cpp, line 773]
Event: 8.738 Thread 0x00007f4168015800 Exception <a 'java/lang/NoSuchMethodError'{0x00000000c7d94d50}: 'int java.lang.invoke.DirectMethodHandle$Holder.invokeInterface(java.lang.Object, java.lang.Object)'> (0x00000000c7d94d50) thrown at [./src/hotspot/share/interpreter/linkResolver.cpp, line 773]
Event: 8.839 Thread 0x00007f4168015800 Exception <a 'java/lang/NoSuchMethodError'{0x00000000c792b540}: 'java.lang.Object java.lang.invoke.Invokers$Holder.linkToTargetMethod(java.lang.Object, java.lang.Object, java.lang.Object, int, int, java.lang.Object)'> (0x00000000c792b540) thrown at [./src/hotspot/share/interpreter/linkResolver.cpp, line 773]
Event: 8.903 Thread 0x00007f4168015800 Exception <a 'java/lang/NoSuchMethodError'{0x00000000c78f8b40}: 'int java.lang.invoke.DirectMethodHandle$Holder.invokeVirtual(java.lang.Object, java.lang.Object, java.lang.Object)'> (0x00000000c78f8b40) thrown at [./src/hotspot/share/interpreter/linkResolver.cpp, line 773]
Event: 9.156 Thread 0x00007f4168015800 Exception <a 'java/lang/NoSuchMethodError'{0x00000000c8cd1228}: 'java.lang.Object java.lang.invoke.DirectMethodHandle$Holder.invokeSpecial(java.lang.Object, java.lang.Object, java.lang.Object, java.lang.Object, java.lang.Object, int)'> (0x00000000c8cd1228) thrown at [./src/hotspot/share/interpreter/linkResolver.cpp, line 773]
Event: 9.156 Thread 0x00007f4168015800 Exception <a 'java/lang/NoSuchMethodError'{0x00000000c8cd5070}: 'java.lang.Object java.lang.invoke.Invokers$Holder.linkToTargetMethod(java.lang.Object, java.lang.Object, java.lang.Object, int, java.lang.Object)'> (0x00000000c8cd5070) thrown at [./src/hotspot/share/interpreter/linkResolver.cpp, line 773]
Event: 9.418 Thread 0x00007f4168015800 Exception <a 'java/lang/IncompatibleClassChangeError'{0x00000000c8823700}: Found class java.lang.Object, but interface was expected> (0x00000000c8823700) thrown at [./src/hotspot/share/interpreter/linkResolver.cpp, line 839]
Event: 9.504 Thread 0x00007f4168015800 Implicit null exception at 0x00007f415cbc26dc to 0x00007f415cbc3604
Event: 9.504 Thread 0x00007f4168015800 Implicit null exception at 0x00007f415cb52e5b to 0x00007f415cb535b2
Event: 9.720 Thread 0x00007f4168015800 Exception <a 'java/lang/NoSuchMethodError'{0x00000000c830b3f0}: 'java.lang.Object java.lang.invoke.Invokers$Holder.linkToTargetMethod(java.lang.Object, java.lang.Object, java.lang.Object, java.lang.Object, java.lang.Object, java.lang.Object, java.lang.Object)'> (0x00000000c830b3f0) thrown at [./src/hotspot/share/interpreter/linkResolver.cpp, line 773]
Event: 9.899 Thread 0x00007f4168015800 Exception <a 'java/lang/NoSuchMethodError'{0x00000000c81d1858}: 'java.lang.Object java.lang.invoke.DirectMethodHandle$Holder.invokeInterface(java.lang.Object, java.lang.Object, java.lang.Object)'> (0x00000000c81d1858) thrown at [./src/hotspot/share/interpreter/linkResolver.cpp, line 773]
Event: 9.900 Thread 0x00007f4168015800 Exception <a 'java/lang/IncompatibleClassChangeError'{0x00000000c81d5a78}: Found class java.lang.Object, but interface was expected> (0x00000000c81d5a78) thrown at [./src/hotspot/share/interpreter/linkResolver.cpp, line 839]
Event: 10.552 Thread 0x00007f4168015800 Exception <a 'java/lang/NoSuchMethodError'{0x00000000ca751c00}: 'java.lang.Object java.lang.invoke.DirectMethodHandle$Holder.invokeStatic(java.lang.Object, int, java.lang.Object, java.lang.Object)'> (0x00000000ca751c00) thrown at [./src/hotspot/share/interpreter/linkResolver.cpp, line 773]
Event: 10.553 Thread 0x00007f4168015800 Exception <a 'java/lang/NoSuchMethodError'{0x00000000ca759670}: 'java.lang.Object java.lang.invoke.DirectMethodHandle$Holder.invokeStatic(java.lang.Object, int, java.lang.Object)'> (0x00000000ca759670) thrown at [./src/hotspot/share/interpreter/linkResolver.cpp, line 773]
Event: 11.086 Thread 0x00007f4168015800 Implicit null exception at 0x00007f415cb512f5 to 0x00007f415cb514bc
Event: 11.086 Thread 0x00007f4168015800 Implicit null exception at 0x00007f415cbc40af to 0x00007f415cbc411d
Event: 28.036 Thread 0x00007f4168015800 Implicit null exception at 0x00007f415cb5bd74 to 0x00007f415cb5bf90
Event: 32.938 Thread 0x00007f4168015800 Implicit null exception at 0x00007f415cdd0775 to 0x00007f415cdd081d

Events (20 events):
Event: 42.342 loading class org/jetbrains/kotlin/codegen/optimization/RedundantGotoMethodTransformer done
Event: 42.342 loading class org/jetbrains/kotlin/codegen/optimization/RedundantNopsCleanupMethodTransformer
Event: 42.342 loading class org/jetbrains/kotlin/codegen/optimization/RedundantNopsCleanupMethodTransformer done
Event: 42.343 loading class org/jetbrains/kotlin/codegen/inline/SourceMapCopier
Event: 42.343 loading class org/jetbrains/kotlin/codegen/inline/SourceMapCopier done
Event: 42.345 loading class org/jetbrains/kotlin/backend/jvm/codegen/ClassCodegen$generateMethod$smapCopyingVisitor$1
Event: 42.345 loading class org/jetbrains/kotlin/backend/jvm/codegen/ClassCodegen$generateMethod$smapCopyingVisitor$1 done
Event: 42.346 loading class org/jetbrains/kotlin/codegen/inline/SMAP$findRange$index$1
Event: 42.346 loading class org/jetbrains/kotlin/codegen/inline/SMAP$findRange$index$1 done
Event: 42.347 loading class org/jetbrains/kotlin/codegen/inline/SourcePosition
Event: 42.347 loading class org/jetbrains/kotlin/codegen/inline/SourcePosition done
Event: 42.348 loading class org/jetbrains/kotlin/codegen/optimization/LabelNormalizationMethodTransformer$TransformerForMethod
Event: 42.348 loading class org/jetbrains/kotlin/codegen/optimization/LabelNormalizationMethodTransformer$TransformerForMethod done
Event: 42.349 loading class org/jetbrains/kotlin/codegen/optimization/LabelNormalizationMethodTransformerKt
Event: 42.349 loading class org/jetbrains/kotlin/codegen/optimization/LabelNormalizationMethodTransformerKt done
Event: 42.350 loading class org/jetbrains/kotlin/codegen/optimization/fixStack/FixStackContext
Event: 42.350 loading class org/jetbrains/kotlin/codegen/optimization/fixStack/FixStackContext done
Event: 42.353 loading class org/jetbrains/kotlin/codegen/optimization/fixStack/AnalyzeTryCatchBlocksKt
Event: 42.353 loading class org/jetbrains/kotlin/codegen/optimization/fixStack/AnalyzeTryCatchBlocksKt done
Event: 42.358 Executing VM operation: G1CollectForAllocation


Dynamic libraries:
00400000-00401000 r-xp 00000000 08:04 5505206                            /home/ADMIN/Downloads/android-studio/jre/bin/java
00600000-00601000 r--p 00000000 08:04 5505206                            /home/ADMIN/Downloads/android-studio/jre/bin/java
00601000-00602000 rw-p 00001000 08:04 5505206                            /home/ADMIN/Downloads/android-studio/jre/bin/java
01da7000-01dc8000 rw-p 00000000 00:00 0                                  [heap]
c3600000-cb400000 rw-p 00000000 00:00 0 
ce700000-100000000 ---p 00000000 00:00 0 
100000000-1008a0000 rw-p 00000000 00:00 0 
1008a0000-140000000 ---p 00000000 00:00 0 
7f4100000000-7f4100021000 rw-p 00000000 00:00 0 
7f4100021000-7f4104000000 ---p 00000000 00:00 0 
7f4104000000-7f4104021000 rw-p 00000000 00:00 0 
7f4104021000-7f4108000000 ---p 00000000 00:00 0 
7f4108000000-7f4108021000 rw-p 00000000 00:00 0 
7f4108021000-7f410c000000 ---p 00000000 00:00 0 
7f410c000000-7f410c021000 rw-p 00000000 00:00 0 
7f410c021000-7f4110000000 ---p 00000000 00:00 0 
7f4110000000-7f4110021000 rw-p 00000000 00:00 0 
7f4110021000-7f4114000000 ---p 00000000 00:00 0 
7f4114000000-7f4114021000 rw-p 00000000 00:00 0 
7f4114021000-7f4118000000 ---p 00000000 00:00 0 
7f4118000000-7f4119e51000 rw-p 00000000 00:00 0 
7f4119e51000-7f411c000000 ---p 00000000 00:00 0 
7f411c000000-7f411d090000 rw-p 00000000 00:00 0 
7f411d090000-7f4120000000 ---p 00000000 00:00 0 
7f4120000000-7f4120021000 rw-p 00000000 00:00 0 
7f4120021000-7f4124000000 ---p 00000000 00:00 0 
7f4125eca000-7f412600a000 rw-p 00000000 00:00 0 
7f412600a000-7f41260ca000 ---p 00000000 00:00 0 
7f41260ca000-7f41262ca000 rw-p 00000000 00:00 0 
7f41262ca000-7f41264ca000 rw-p 00000000 00:00 0 
7f41264ca000-7f41266ca000 rw-p 00000000 00:00 0 
7f41266ca000-7f41268ca000 rw-p 00000000 00:00 0 
7f41268ca000-7f4126aca000 rw-p 00000000 00:00 0 
7f4126aca000-7f4126acb000 ---p 00000000 00:00 0 
7f4126acb000-7f4126dcc000 rw-p 00000000 00:00 0 
7f4126dcc000-7f4126fcc000 rw-p 00000000 00:00 0 
7f4126fcc000-7f41271cc000 rw-p 00000000 00:00 0 
7f41271cc000-7f41273cc000 rw-p 00000000 00:00 0 
7f41273cc000-7f41275cc000 rw-p 00000000 00:00 0 
7f41275cc000-7f41277cc000 rw-p 00000000 00:00 0 
7f41277cc000-7f41279cc000 rw-p 00000000 00:00 0 
7f41279cc000-7f4127bcc000 rw-p 00000000 00:00 0 
7f4127bcc000-7f412c000000 r--p 00000000 08:04 2363729                    /usr/lib/locale/locale-archive
7f412c000000-7f412c021000 rw-p 00000000 00:00 0 
7f412c021000-7f4130000000 ---p 00000000 00:00 0 
7f4130000000-7f4130021000 rw-p 00000000 00:00 0 
7f4130021000-7f4134000000 ---p 00000000 00:00 0 
7f4134000000-7f4134021000 rw-p 00000000 00:00 0 
7f4134021000-7f4138000000 ---p 00000000 00:00 0 
7f4138000000-7f41383c9000 rw-p 00000000 00:00 0 
7f41383c9000-7f413c000000 ---p 00000000 00:00 0 
7f413c000000-7f413c021000 rw-p 00000000 00:00 0 
7f413c021000-7f4140000000 ---p 00000000 00:00 0 
7f4140000000-7f414004a000 rw-p 00000000 00:00 0 
7f414004a000-7f4144000000 ---p 00000000 00:00 0 
7f4144064000-7f4144264000 rw-p 00000000 00:00 0 
7f4144264000-7f4144464000 rw-p 00000000 00:00 0 
7f4144464000-7f4144664000 rw-p 00000000 00:00 0 
7f4144664000-7f4144864000 rw-p 00000000 00:00 0 
7f4144864000-7f4144a64000 rw-p 00000000 00:00 0 
7f4144b1a000-7f4144d1a000 rw-p 00000000 00:00 0 
7f4144d1a000-7f4144f1a000 rw-p 00000000 00:00 0 
7f4144f1a000-7f414511a000 rw-p 00000000 00:00 0 
7f414511a000-7f414531a000 rw-p 00000000 00:00 0 
7f414531a000-7f41457c5000 rw-p 00000000 00:00 0 
7f41457c5000-7f41459c5000 rw-p 00000000 00:00 0 
7f41459c5000-7f4145bc5000 rw-p 00000000 00:00 0 
7f4145bc5000-7f4145dc5000 rw-p 00000000 00:00 0 
7f4145dc5000-7f4145fc5000 rw-p 00000000 00:00 0 
7f4145fc5000-7f41461c5000 rw-p 00000000 00:00 0 
7f41461c5000-7f41461c6000 ---p 00000000 00:00 0 
7f41461c6000-7f41464c7000 rw-p 00000000 00:00 0 
7f41464c7000-7f41464ca000 r-xp 00000000 08:04 5120662                    /tmp/libjansi-1.5.10-release-890 (1.5.10)-1892951160301346858.so
7f41464ca000-7f41466c9000 ---p 00003000 08:04 5120662                    /tmp/libjansi-1.5.10-release-890 (1.5.10)-1892951160301346858.so
7f41466c9000-7f41466ca000 rw-p 00002000 08:04 5120662                    /tmp/libjansi-1.5.10-release-890 (1.5.10)-1892951160301346858.so
7f41466ca000-7f41466de000 r-xp 00000000 08:04 5505187                    /home/ADMIN/Downloads/android-studio/jre/lib/libnet.so
7f41466de000-7f41468dd000 ---p 00014000 08:04 5505187                    /home/ADMIN/Downloads/android-studio/jre/lib/libnet.so
7f41468dd000-7f41468de000 r--p 00013000 08:04 5505187                    /home/ADMIN/Downloads/android-studio/jre/lib/libnet.so
7f41468de000-7f41468df000 rw-p 00014000 08:04 5505187                    /home/ADMIN/Downloads/android-studio/jre/lib/libnet.so
7f41468df000-7f41468ed000 r-xp 00000000 08:04 5505122                    /home/ADMIN/Downloads/android-studio/jre/lib/libnio.so
7f41468ed000-7f4146aed000 ---p 0000e000 08:04 5505122                    /home/ADMIN/Downloads/android-studio/jre/lib/libnio.so
7f4146aed000-7f4146aee000 r--p 0000e000 08:04 5505122                    /home/ADMIN/Downloads/android-studio/jre/lib/libnio.so
7f4146aee000-7f4146aef000 rw-p 0000f000 08:04 5505122                    /home/ADMIN/Downloads/android-studio/jre/lib/libnio.so
7f4146aef000-7f4146af3000 ---p 00000000 00:00 0 
7f4146af3000-7f4146bf0000 rw-p 00000000 00:00 0 
7f4146bf0000-7f4146bf1000 ---p 00000000 00:00 0 
7f4146bf1000-7f4146cf2000 rw-p 00000000 00:00 0 
7f4146cf2000-7f4146cf6000 ---p 00000000 00:00 0 
7f4146cf6000-7f4146df3000 rw-p 00000000 00:00 0 
7f4146df3000-7f4146df7000 ---p 00000000 00:00 0 
7f4146df7000-7f4146ef4000 rw-p 00000000 00:00 0 
7f4146ef4000-7f4146ef8000 ---p 00000000 00:00 0 
7f4146ef8000-7f4146ff5000 rw-p 00000000 00:00 0 
7f4146ff5000-7f4146ff9000 ---p 00000000 00:00 0 
7f4146ff9000-7f41470f6000 rw-p 00000000 00:00 0 
7f41470f6000-7f41470fa000 ---p 00000000 00:00 0 
7f41470fa000-7f41471f7000 rw-p 00000000 00:00 0 
7f41471f7000-7f41471fb000 ---p 00000000 00:00 0 
7f41471fb000-7f41472f8000 rw-p 00000000 00:00 0 
7f41472f8000-7f41472fc000 ---p 00000000 00:00 0 
7f41472fc000-7f41473f9000 rw-p 00000000 00:00 0 
7f41473f9000-7f41473fa000 ---p 00000000 00:00 0 
7f41473fa000-7f4147cfb000 rw-p 00000000 00:00 0 
7f4147cfb000-7f4147cfc000 ---p 00000000 00:00 0 
7f4147cfc000-7f4147dfd000 rw-p 00000000 00:00 0 
7f4147dfd000-7f4147dfe000 ---p 00000000 00:00 0 
7f4147dfe000-7f4148000000 rw-p 00000000 00:00 0 
7f4148000000-7f4148021000 rw-p 00000000 00:00 0 
7f4148021000-7f414c000000 ---p 00000000 00:00 0 
7f414c02e000-7f414e3a8000 rw-p 00000000 00:00 0 
7f414e3a8000-7f414f0d8000 ---p 00000000 00:00 0 
7f414f0d8000-7f414f2d0000 rw-p 00000000 00:00 0 
7f414f2d0000-7f4150000000 ---p 00000000 00:00 0 
7f4150000000-7f4150053000 rw-p 00000000 00:00 0 
7f4150053000-7f4154000000 ---p 00000000 00:00 0 
7f4154032000-7f415428f000 rw-p 00000000 00:00 0 
7f415428f000-7f4154290000 ---p 00000000 00:00 0 
7f4154290000-7f4154391000 rw-p 00000000 00:00 0 
7f4154391000-7f4154392000 ---p 00000000 00:00 0 
7f4154392000-7f41544d2000 rw-p 00000000 00:00 0 
7f41544d2000-7f4154678000 ---p 00000000 00:00 0 
7f4154678000-7f41546b7000 rw-p 00000000 00:00 0 
7f41546b7000-7f415485d000 ---p 00000000 00:00 0 
7f415485d000-7f415489c000 rw-p 00000000 00:00 0 
7f415489c000-7f4154a42000 ---p 00000000 00:00 0 
7f4154a42000-7f4154e46000 rw-p 00000000 00:00 0 
7f4154e46000-7f4154e47000 ---p 00000000 00:00 0 
7f4154e47000-7f4154f4f000 rw-p 00000000 00:00 0 
7f4154f4f000-7f4155033000 ---p 00000000 00:00 0 
7f4155033000-7f41552a3000 rwxp 00000000 00:00 0 
7f41552a3000-7f41555c3000 ---p 00000000 00:00 0 
7f41555c3000-7f4156b23000 rwxp 00000000 00:00 0 
7f4156b23000-7f415cafb000 ---p 00000000 00:00 0 
7f415cafb000-7f415ce3b000 rwxp 00000000 00:00 0 
7f415ce3b000-7f4164033000 ---p 00000000 00:00 0 
7f4164033000-7f416798b000 r--s 00000000 08:04 5505189                    /home/ADMIN/Downloads/android-studio/jre/lib/modules
7f416798b000-7f41679a7000 r-xp 00000000 08:04 5505186                    /home/ADMIN/Downloads/android-studio/jre/lib/libzip.so
7f41679a7000-7f4167ba6000 ---p 0001c000 08:04 5505186                    /home/ADMIN/Downloads/android-studio/jre/lib/libzip.so
7f4167ba6000-7f4167ba7000 r--p 0001b000 08:04 5505186                    /home/ADMIN/Downloads/android-studio/jre/lib/libzip.so
7f4167ba7000-7f4167ba8000 rw-p 0001c000 08:04 5505186                    /home/ADMIN/Downloads/android-studio/jre/lib/libzip.so
7f4167ba8000-7f4167bc5000 r-xp 00000000 08:04 5505110                    /home/ADMIN/Downloads/android-studio/jre/lib/libjimage.so
7f4167bc5000-7f4167dc4000 ---p 0001d000 08:04 5505110                    /home/ADMIN/Downloads/android-studio/jre/lib/libjimage.so
7f4167dc4000-7f4167dc6000 r--p 0001c000 08:04 5505110                    /home/ADMIN/Downloads/android-studio/jre/lib/libjimage.so
7f4167dc6000-7f4167dc7000 rw-p 0001e000 08:04 5505110                    /home/ADMIN/Downloads/android-studio/jre/lib/libjimage.so
7f4167dc7000-7f4167dd9000 rw-p 00000000 00:00 0 
7f4167dd9000-7f4167dfe000 r-xp 00000000 08:04 5505175                    /home/ADMIN/Downloads/android-studio/jre/lib/libjava.so
7f4167dfe000-7f4167ffe000 ---p 00025000 08:04 5505175                    /home/ADMIN/Downloads/android-studio/jre/lib/libjava.so
7f4167ffe000-7f4167fff000 r--p 00025000 08:04 5505175                    /home/ADMIN/Downloads/android-studio/jre/lib/libjava.so
7f4167fff000-7f4168000000 rw-p 00026000 08:04 5505175                    /home/ADMIN/Downloads/android-studio/jre/lib/libjava.so
7f4168000000-7f4169c96000 rw-p 00000000 00:00 0 
7f4169c96000-7f416c000000 ---p 00000000 00:00 0 
7f416c004000-7f416c005000 r--p 00000000 08:04 2626534                    /usr/lib/x86_64-linux-gnu/libutil-2.28.so
7f416c005000-7f416c006000 r-xp 00001000 08:04 2626534                    /usr/lib/x86_64-linux-gnu/libutil-2.28.so
7f416c006000-7f416c007000 r--p 00002000 08:04 2626534                    /usr/lib/x86_64-linux-gnu/libutil-2.28.so
7f416c007000-7f416c008000 r--p 00002000 08:04 2626534                    /usr/lib/x86_64-linux-gnu/libutil-2.28.so
7f416c008000-7f416c009000 rw-p 00003000 08:04 2626534                    /usr/lib/x86_64-linux-gnu/libutil-2.28.so
7f416c022000-7f416c109000 rw-p 00000000 00:00 0 
7f416c109000-7f416c1c9000 ---p 00000000 00:00 0 
7f416c1c9000-7f416c1ce000 rw-p 00000000 00:00 0 
7f416c1ce000-7f416c1d5000 ---p 00000000 00:00 0 
7f416c1d5000-7f416c1dd000 rw-s 00000000 08:04 5120657                    /tmp/hsperfdata_ADMIN/4482
7f416c1dd000-7f416c1eb000 r-xp 00000000 08:04 5505096                    /home/ADMIN/Downloads/android-studio/jre/lib/libverify.so
7f416c1eb000-7f416c3ea000 ---p 0000e000 08:04 5505096                    /home/ADMIN/Downloads/android-studio/jre/lib/libverify.so
7f416c3ea000-7f416c3ec000 r--p 0000d000 08:04 5505096                    /home/ADMIN/Downloads/android-studio/jre/lib/libverify.so
7f416c3ec000-7f416c3ed000 rw-p 0000f000 08:04 5505096                    /home/ADMIN/Downloads/android-studio/jre/lib/libverify.so
7f416c3ed000-7f416c3ef000 r--p 00000000 08:04 2626297                    /usr/lib/x86_64-linux-gnu/librt-2.28.so
7f416c3ef000-7f416c3f3000 r-xp 00002000 08:04 2626297                    /usr/lib/x86_64-linux-gnu/librt-2.28.so
7f416c3f3000-7f416c3f5000 r--p 00006000 08:04 2626297                    /usr/lib/x86_64-linux-gnu/librt-2.28.so
7f416c3f5000-7f416c3f6000 r--p 00007000 08:04 2626297                    /usr/lib/x86_64-linux-gnu/librt-2.28.so
7f416c3f6000-7f416c3f7000 rw-p 00008000 08:04 2626297                    /usr/lib/x86_64-linux-gnu/librt-2.28.so
7f416c3f7000-7f416c3fb000 ---p 00000000 00:00 0 
7f416c3fb000-7f416c4f8000 rw-p 00000000 00:00 0 
7f416c4f8000-7f416c505000 r--p 00000000 08:04 2625847                    /usr/lib/x86_64-linux-gnu/libm-2.28.so
7f416c505000-7f416c5a4000 r-xp 0000d000 08:04 2625847                    /usr/lib/x86_64-linux-gnu/libm-2.28.so
7f416c5a4000-7f416c679000 r--p 000ac000 08:04 2625847                    /usr/lib/x86_64-linux-gnu/libm-2.28.so
7f416c679000-7f416c67a000 r--p 00180000 08:04 2625847                    /usr/lib/x86_64-linux-gnu/libm-2.28.so
7f416c67a000-7f416c67b000 rw-p 00181000 08:04 2625847                    /usr/lib/x86_64-linux-gnu/libm-2.28.so
7f416c67b000-7f416d5be000 r-xp 00000000 08:04 5505081                    /home/ADMIN/Downloads/android-studio/jre/lib/server/libjvm.so
7f416d5be000-7f416d7be000 ---p 00f43000 08:04 5505081                    /home/ADMIN/Downloads/android-studio/jre/lib/server/libjvm.so
7f416d7be000-7f416d882000 r--p 00f43000 08:04 5505081                    /home/ADMIN/Downloads/android-studio/jre/lib/server/libjvm.so
7f416d882000-7f416d8b9000 rw-p 01007000 08:04 5505081                    /home/ADMIN/Downloads/android-studio/jre/lib/server/libjvm.so
7f416d8b9000-7f416d923000 rw-p 00000000 00:00 0 
7f416d923000-7f416d945000 r--p 00000000 08:04 2625026                    /usr/lib/x86_64-linux-gnu/libc-2.28.so
7f416d945000-7f416da8d000 r-xp 00022000 08:04 2625026                    /usr/lib/x86_64-linux-gnu/libc-2.28.so
7f416da8d000-7f416dad9000 r--p 0016a000 08:04 2625026                    /usr/lib/x86_64-linux-gnu/libc-2.28.so
7f416dad9000-7f416dada000 ---p 001b6000 08:04 2625026                    /usr/lib/x86_64-linux-gnu/libc-2.28.so
7f416dada000-7f416dade000 r--p 001b6000 08:04 2625026                    /usr/lib/x86_64-linux-gnu/libc-2.28.so
7f416dade000-7f416dae0000 rw-p 001ba000 08:04 2625026                    /usr/lib/x86_64-linux-gnu/libc-2.28.so
7f416dae0000-7f416dae4000 rw-p 00000000 00:00 0 
7f416dae4000-7f416dae5000 r--p 00000000 08:04 2625184                    /usr/lib/x86_64-linux-gnu/libdl-2.28.so
7f416dae5000-7f416dae6000 r-xp 00001000 08:04 2625184                    /usr/lib/x86_64-linux-gnu/libdl-2.28.so
7f416dae6000-7f416dae7000 r--p 00002000 08:04 2625184                    /usr/lib/x86_64-linux-gnu/libdl-2.28.so
7f416dae7000-7f416dae8000 r--p 00002000 08:04 2625184                    /usr/lib/x86_64-linux-gnu/libdl-2.28.so
7f416dae8000-7f416dae9000 rw-p 00003000 08:04 2625184                    /usr/lib/x86_64-linux-gnu/libdl-2.28.so
7f416dae9000-7f416daff000 r-xp 00000000 08:04 5505191                    /home/ADMIN/Downloads/android-studio/jre/lib/jli/libjli.so
7f416daff000-7f416dcfe000 ---p 00016000 08:04 5505191                    /home/ADMIN/Downloads/android-studio/jre/lib/jli/libjli.so
7f416dcfe000-7f416dcff000 r--p 00015000 08:04 5505191                    /home/ADMIN/Downloads/android-studio/jre/lib/jli/libjli.so
7f416dcff000-7f416dd00000 rw-p 00016000 08:04 5505191                    /home/ADMIN/Downloads/android-studio/jre/lib/jli/libjli.so
7f416dd00000-7f416dd06000 r--p 00000000 08:04 2626219                    /usr/lib/x86_64-linux-gnu/libpthread-2.28.so
7f416dd06000-7f416dd15000 r-xp 00006000 08:04 2626219                    /usr/lib/x86_64-linux-gnu/libpthread-2.28.so
7f416dd15000-7f416dd1b000 r--p 00015000 08:04 2626219                    /usr/lib/x86_64-linux-gnu/libpthread-2.28.so
7f416dd1b000-7f416dd1c000 r--p 0001a000 08:04 2626219                    /usr/lib/x86_64-linux-gnu/libpthread-2.28.so
7f416dd1c000-7f416dd1d000 rw-p 0001b000 08:04 2626219                    /usr/lib/x86_64-linux-gnu/libpthread-2.28.so
7f416dd1d000-7f416dd23000 rw-p 00000000 00:00 0 
7f416dd25000-7f416dd28000 r--p 00000000 08:04 2626020                    /usr/lib/x86_64-linux-gnu/libnss_files-2.28.so
7f416dd28000-7f416dd2f000 r-xp 00003000 08:04 2626020                    /usr/lib/x86_64-linux-gnu/libnss_files-2.28.so
7f416dd2f000-7f416dd31000 r--p 0000a000 08:04 2626020                    /usr/lib/x86_64-linux-gnu/libnss_files-2.28.so
7f416dd31000-7f416dd32000 ---p 0000c000 08:04 2626020                    /usr/lib/x86_64-linux-gnu/libnss_files-2.28.so
7f416dd32000-7f416dd33000 r--p 0000c000 08:04 2626020                    /usr/lib/x86_64-linux-gnu/libnss_files-2.28.so
7f416dd33000-7f416dd34000 rw-p 0000d000 08:04 2626020                    /usr/lib/x86_64-linux-gnu/libnss_files-2.28.so
7f416dd34000-7f416dd3a000 rw-p 00000000 00:00 0 
7f416dd3a000-7f416dd3b000 ---p 00000000 00:00 0 
7f416dd3b000-7f416dd3c000 r--p 00000000 00:00 0 
7f416dd3c000-7f416dd3d000 r--p 00000000 08:04 2624459                    /usr/lib/x86_64-linux-gnu/ld-2.28.so
7f416dd3d000-7f416dd5b000 r-xp 00001000 08:04 2624459                    /usr/lib/x86_64-linux-gnu/ld-2.28.so
7f416dd5b000-7f416dd63000 r--p 0001f000 08:04 2624459                    /usr/lib/x86_64-linux-gnu/ld-2.28.so
7f416dd63000-7f416dd64000 r--p 00026000 08:04 2624459                    /usr/lib/x86_64-linux-gnu/ld-2.28.so
7f416dd64000-7f416dd65000 rw-p 00027000 08:04 2624459                    /usr/lib/x86_64-linux-gnu/ld-2.28.so
7f416dd65000-7f416dd66000 rw-p 00000000 00:00 0 
7ffea8d01000-7ffea8d22000 rw-p 00000000 00:00 0                          [stack]
7ffea8dec000-7ffea8def000 r--p 00000000 00:00 0                          [vvar]
7ffea8def000-7ffea8df1000 r-xp 00000000 00:00 0                          [vdso]


VM Arguments:
java_command: org.jetbrains.kotlin.cli.jvm.K2JVMCompiler @/home/ADMIN/AndroidStudioProjects/ShoppingList2/app/build/20210528_11173578502970522698.compiler.options
java_class_path (initial): /home/ADMIN/.gradle/caches/modules-2/files-2.1/org.jetbrains.kotlin/kotlin-compiler-embeddable/1.5.10/9c35134a025cab7a1e6eee0d87d241c2f30c1218/kotlin-compiler-embeddable-1.5.10.jar:/home/ADMIN/.gradle/caches/modules-2/files-2.1/org.jetbrains.kotlin/kotlin-reflect/1.5.10/d6c70f3c0df2457ea0095c61c1fc1188017dc3bc/kotlin-reflect-1.5.10.jar:/home/ADMIN/.gradle/caches/modules-2/files-2.1/org.jetbrains.kotlin/kotlin-stdlib/1.5.10/da6a904b132f0402fa4d79169a3c1770598d4702/kotlin-stdlib-1.5.10.jar:/home/ADMIN/.gradle/caches/modules-2/files-2.1/org.jetbrains.kotlin/kotlin-script-runtime/1.5.10/69bad0ece91b0797055aeadbd44dc742c458398b/kotlin-script-runtime-1.5.10.jar:/home/ADMIN/.gradle/caches/modules-2/files-2.1/org.jetbrains.kotlin/kotlin-daemon-embeddable/1.5.10/d06ad33b62b041dae0609f830c3b48135d53b8bc/kotlin-daemon-embeddable-1.5.10.jar:/home/ADMIN/.gradle/caches/modules-2/files-2.1/org.jetbrains.intellij.deps/trove4j/1.0.20181211/216c2e14b070f334479d800987affe4054cd563f/trove4j-1.0.20181211.jar:/home/ADMIN/.gradle/caches/modules-2/files-2.1/org.jetbrains/annotations/13.0/919f0dfe192fb4e063e7dacadee7f8bb9a2672a9/annotations-13.0.jar:/home/ADMIN/.gradle/caches/modules-2/files-2.1/org.jetbrains.kotlin/kotlin-stdlib-common/1.5.10/6b84d926e28493be69daf673e40076f89492ef7/kotlin-stdlib-common-1.5.10.jar
Launcher Type: SUN_STANDARD

[Global flags]
     intx CICompilerCount                          = 3                                         {product} {ergonomic}
     uint ConcGCThreads                            = 1                                         {product} {ergonomic}
     uint G1ConcRefinementThreads                  = 4                                         {product} {ergonomic}
   size_t G1HeapRegionSize                         = 1048576                                   {product} {ergonomic}
    uintx GCDrainStackTargetSize                   = 64                                        {product} {ergonomic}
   size_t InitialHeapSize                          = 65011712                                  {product} {ergonomic}
   size_t MarkStackSize                            = 4194304                                   {product} {ergonomic}
   size_t MaxHeapSize                              = 1017118720                                {product} {ergonomic}
   size_t MaxNewSize                               = 610271232                                 {product} {ergonomic}
   size_t MinHeapDeltaBytes                        = 1048576                                   {product} {ergonomic}
    uintx NonNMethodCodeHeapSize                   = 5830732                                {pd product} {ergonomic}
    uintx NonProfiledCodeHeapSize                  = 122913754                              {pd product} {ergonomic}
    uintx ProfiledCodeHeapSize                     = 122913754                              {pd product} {ergonomic}
    uintx ReservedCodeCacheSize                    = 251658240                              {pd product} {ergonomic}
     bool SegmentedCodeCache                       = true                                      {product} {ergonomic}
     bool UseCompressedClassPointers               = true                                 {lp64_product} {ergonomic}
     bool UseCompressedOops                        = true                                 {lp64_product} {ergonomic}
     bool UseG1GC                                  = true                                      {product} {ergonomic}

Logging:
Log output configuration:
 #0: stdout all=warning uptime,level,tags
 #1: stderr all=off uptime,level,tags

Environment Variables:
PATH=/usr/local/bin:/usr/bin:/bin:/usr/local/games:/usr/games
SHELL=/bin/bash
DISPLAY=:0.0
LANG=en_US.UTF-8

Signal Handlers:
SIGSEGV: [libjvm.so+0xc44740], sa_mask[0]=11111111011111111101111111111110, sa_flags=SA_RESTART|SA_SIGINFO
SIGBUS: [libjvm.so+0xc44740], sa_mask[0]=11111111011111111101111111111110, sa_flags=SA_RESTART|SA_SIGINFO
SIGFPE: [libjvm.so+0xc44740], sa_mask[0]=11111111011111111101111111111110, sa_flags=SA_RESTART|SA_SIGINFO
SIGPIPE: [libjvm.so+0xa93800], sa_mask[0]=11111111011111111101111111111110, sa_flags=SA_RESTART|SA_SIGINFO
SIGXFSZ: [libjvm.so+0xa93800], sa_mask[0]=11111111011111111101111111111110, sa_flags=SA_RESTART|SA_SIGINFO
SIGILL: [libjvm.so+0xc44740], sa_mask[0]=11111111011111111101111111111110, sa_flags=SA_RESTART|SA_SIGINFO
SIGUSR2: [libjvm.so+0xa93ee0], sa_mask[0]=00100000000000000000000000000000, sa_flags=SA_RESTART|SA_SIGINFO
SIGHUP: [libjvm.so+0xa90920], sa_mask[0]=11111111011111111101111111111110, sa_flags=SA_RESTART|SA_SIGINFO
SIGINT: [libjvm.so+0xa90920], sa_mask[0]=11111111011111111101111111111110, sa_flags=SA_RESTART|SA_SIGINFO
SIGTERM: [libjvm.so+0xa90920], sa_mask[0]=11111111011111111101111111111110, sa_flags=SA_RESTART|SA_SIGINFO
SIGQUIT: [libjvm.so+0xa90920], sa_mask[0]=11111111011111111101111111111110, sa_flags=SA_RESTART|SA_SIGINFO


---------------  S Y S T E M  ---------------

OS:PRETTY_NAME="MX 19.3 patito feo"
DISTRIB_ID=MX
DISTRIB_RELEASE=19.3 
DISTRIB_CODENAME="patito feo"
DISTRIB_DESCRIPTION="MX 19.3 patito feo"
uname:Linux 4.19.0-16-amd64 #1 SMP Debian 4.19.181-1 (2021-03-19) x86_64
OS uptime: 0 days 0:05 hours
libc:glibc 2.28 NPTL 2.28 
rlimit (soft/hard): STACK 8192k/infinity , CORE 0k/infinity , NPROC 15235/15235 , NOFILE 4096/4096 , AS infinity/infinity , CPU infinity/infinity , DATA infinity/infinity , FSIZE infinity/infinity , MEMLOCK 64k/64k
load average:5.17 2.55 1.06

/proc/meminfo:
MemTotal:        3968284 kB
MemFree:          107680 kB
MemAvailable:      10604 kB
Buffers:             544 kB
Cached:           112420 kB
SwapCached:            0 kB
Active:          3569636 kB
Inactive:         104748 kB
Active(anon):    3563164 kB
Inactive(anon):    94260 kB
Active(file):       6472 kB
Inactive(file):    10488 kB
Unevictable:          32 kB
Mlocked:              32 kB
SwapTotal:             0 kB
SwapFree:              0 kB
Dirty:                40 kB
Writeback:            16 kB
AnonPages:       3562456 kB
Mapped:            34164 kB
Shmem:             95096 kB
Slab:              70532 kB
SReclaimable:      33528 kB
SUnreclaim:        37004 kB
KernelStack:        7584 kB
PageTables:        18260 kB
NFS_Unstable:          0 kB
Bounce:                0 kB
WritebackTmp:          0 kB
CommitLimit:     1984140 kB
Committed_AS:    4759536 kB
VmallocTotal:   34359738367 kB
VmallocUsed:           0 kB
VmallocChunk:          0 kB
Percpu:              864 kB
HardwareCorrupted:     0 kB
AnonHugePages:   1366016 kB
ShmemHugePages:        0 kB
ShmemPmdMapped:        0 kB
HugePages_Total:       0
HugePages_Free:        0
HugePages_Rsvd:        0
HugePages_Surp:        0
Hugepagesize:       2048 kB
Hugetlb:               0 kB
DirectMap4k:      146176 kB
DirectMap2M:     2926592 kB
DirectMap1G:     2097152 kB

/sys/kernel/mm/transparent_hugepage/enabled:
[always] madvise never

/sys/kernel/mm/transparent_hugepage/defrag (defrag/compaction efforts parameter):
always defer defer+madvise [madvise] never


/proc/sys/kernel/threads-max (system-wide limit on the number of threads):
30471


/proc/sys/vm/max_map_count (maximum number of memory map areas a process may have):
65530


/proc/sys/kernel/pid_max (system-wide limit on number of process identifiers):
32768



Steal ticks since vm start: 0
Steal ticks percentage since vm start:  0.000

CPU:total 4 (initial active 4) (2 cores per cpu, 2 threads per core) family 6 model 61 stepping 4, cmov, cx8, fxsr, mmx, sse, sse2, sse3, ssse3, sse4.1, sse4.2, popcnt, avx, avx2, aes, clmul, erms, 3dnowpref, lzcnt, ht, tsc, tscinvbit, bmi1, bmi2, adx, fma
CPU Model and flags from /proc/cpuinfo:
model name	: Intel(R) Core(TM) i3-5010U CPU @ 2.10GHz
flags		: fpu vme de pse tsc msr pae mce cx8 apic sep mtrr pge mca cmov pat pse36 clflush dts acpi mmx fxsr sse sse2 ss ht tm pbe syscall nx pdpe1gb rdtscp lm constant_tsc arch_perfmon pebs bts rep_good nopl xtopology nonstop_tsc cpuid aperfmperf pni pclmulqdq dtes64 monitor ds_cpl vmx est tm2 ssse3 sdbg fma cx16 xtpr pdcm pcid sse4_1 sse4_2 x2apic movbe popcnt tsc_deadline_timer aes xsave avx f16c rdrand lahf_lm abm 3dnowprefetch cpuid_fault epb invpcid_single pti ssbd ibrs ibpb stibp tpr_shadow vnmi flexpriority ept vpid ept_ad fsgsbase tsc_adjust bmi1 avx2 smep bmi2 erms invpcid rdseed adx smap intel_pt xsaveopt dtherm arat pln pts md_clear flush_l1d

Memory: 4k page, physical 3968284k(106672k free), swap 0k(0k free)

vm_info: OpenJDK 64-Bit Server VM (11.0.8+0-b944-6842174) for linux-amd64 JRE (11.0.8+0-b944-6842174), built on Sep 16 2020 23:33:28 by "androidbuild" with gcc 4.2.1 Compatible Android (5484270 based on r353983c) Clang 9.0.3 (https://android.googlesource.com/toolchain/clang 745b335211bb9eadfa6aa6301f84715cee4b37c5) (https://android.googlesource.com/toolchain/llvm 60cf23e54e46c807513f7a36d0a7b777920b5881)

END.
