#
# There is insufficient memory for the Java Runtime Environment to continue.
# Native memory allocation (mmap) failed to map 68157440 bytes for committing reserved memory.
# Possible reasons:
#   The system is out of physical RAM or swap space
#   The process is running with CompressedOops enabled, and the Java Heap may be blocking the growth of the native heap
# Possible solutions:
#   Reduce memory load on the system
#   Increase physical memory or swap space
#   Check if swap backing store is full
#   Decrease Java heap size (-Xmx/-Xms)
#   Decrease number of Java threads
#   Decrease Java thread stack sizes (-Xss)
#   Set larger code cache with -XX:ReservedCodeCacheSize=
#   JVM is running with Unscaled Compressed Oops mode in which the Java heap is
#     placed in the first 4GB address space. The Java Heap base address is the
#     maximum limit for the native heap growth. Please use -XX:HeapBaseMinAddress
#     to set the Java Heap base and to place the Java Heap above 4GB virtual address.
# This output file may be truncated or incomplete.
#
#  Out of Memory Error (os_linux.cpp:2877), pid=4848, tid=4858
#
# JRE version: OpenJDK Runtime Environment (11.0.8) (build 11.0.8+0-b944-P17168821)
# Java VM: OpenJDK 64-Bit Server VM (11.0.8+0-b944-6842174, mixed mode, tiered, compressed oops, g1 gc, linux-amd64)
# No core dump will be written. Core dumps have been disabled. To enable core dumping, try "ulimit -c unlimited" before starting Java again
#

---------------  S U M M A R Y ------------

Command Line: org.jetbrains.kotlin.cli.jvm.K2JVMCompiler @/home/ADMIN/AndroidStudioProjects/ShoppingList2/app/build/20210528_11325073074751058641.compiler.options

Host: Intel(R) Core(TM) i3-5010U CPU @ 2.10GHz, 4 cores, 3G, MX 19.3 patito feo
Time: Fri May 28 17:04:35 2021 IST elapsed time: 56 seconds (0d 0h 0m 56s)

---------------  T H R E A D  ---------------

Current thread (0x00007f5bc00f2000):  VMThread "VM Thread" [stack: 0x00007f5bc411f000,0x00007f5bc421f000] [id=4858]

Stack: [0x00007f5bc411f000,0x00007f5bc421f000],  sp=0x00007f5bc421ce80,  free space=1015k
Native frames: (J=compiled Java code, A=aot compiled Java code, j=interpreted, Vv=VM code, C=native code)
V  [libjvm.so+0xc4399b]  VMError::report_and_die(int, char const*, char const*, __va_list_tag*, Thread*, unsigned char*, void*, void*, char const*, int, unsigned long)+0x75b
V  [libjvm.so+0xc4403a]  VMError::report_and_die(Thread*, char const*, int, unsigned long, VMErrorType, char const*, __va_list_tag*)+0x3a
V  [libjvm.so+0x5f067a]  report_vm_out_of_memory(char const*, int, unsigned long, VMErrorType, char const*, ...)+0xba
V  [libjvm.so+0xa90d93]  os::Linux::commit_memory_impl(char*, unsigned long, bool)+0xe3
V  [libjvm.so+0xa90f27]  os::pd_commit_memory_or_exit(char*, unsigned long, unsigned long, bool, char const*)+0x27
V  [libjvm.so+0xa8a008]  os::commit_memory_or_exit(char*, unsigned long, unsigned long, bool, char const*)+0x18
V  [libjvm.so+0x6d0095]  G1PageBasedVirtualSpace::commit_internal(unsigned long, unsigned long)+0x195
V  [libjvm.so+0x6d030f]  G1PageBasedVirtualSpace::commit(unsigned long, unsigned long)+0x14f
V  [libjvm.so+0x6d60f2]  G1RegionsLargerThanCommitSizeMapper::commit_regions(unsigned int, unsigned long, WorkGang*)+0x42
V  [libjvm.so+0x73d569]  HeapRegionManager::commit_regions(unsigned int, unsigned long, WorkGang*)+0xb9
V  [libjvm.so+0x73d813]  HeapRegionManager::make_regions_available(unsigned int, unsigned int, WorkGang*)+0x63
V  [libjvm.so+0x73dce4]  HeapRegionManager::expand_at(unsigned int, unsigned int, WorkGang*)+0x114
V  [libjvm.so+0x69a3bf]  G1CollectedHeap::expand(unsigned long, WorkGang*, double*)+0xaf
V  [libjvm.so+0x6a0bd8]  G1CollectedHeap::do_collection_pause_at_safepoint(double)+0xad8
V  [libjvm.so+0xc4c4f1]  VM_G1CollectForAllocation::doit()+0xc1
V  [libjvm.so+0xc45466]  VM_Operation::evaluate()+0xc6
V  [libjvm.so+0xc4b8c7]  VMThread::evaluate_operation(VM_Operation*)+0x117
V  [libjvm.so+0xc4b426]  VMThread::loop()+0x426
V  [libjvm.so+0xc4af0f]  VMThread::run()+0x6f
V  [libjvm.so+0xbe0398]  Thread::call_run()+0x68
V  [libjvm.so+0xa8da0e]  thread_native_entry(Thread*)+0x1ce

VM_Operation (0x00007f5bc61bca10): G1CollectForAllocation, mode: safepoint, requested by thread 0x00007f5bc0015800


---------------  P R O C E S S  ---------------

Threads class SMR info:
_java_thread_list=0x00007f5bc018e4a0, length=9, elements={
0x00007f5bc0015800, 0x00007f5bc00fa800, 0x00007f5bc00ff000, 0x00007f5bc0114000,
0x00007f5bc0116000, 0x00007f5bc0118000, 0x00007f5bc011a000, 0x00007f5bc017e800,
0x00007f5bc018d000
}

Java Threads: ( => current thread )
  0x00007f5bc0015800 JavaThread "main" [_thread_blocked, id=4852, stack(0x00007f5bc60c0000,0x00007f5bc61c1000)]
  0x00007f5bc00fa800 JavaThread "Reference Handler" daemon [_thread_blocked, id=4859, stack(0x00007f5bc401c000,0x00007f5bc411d000)]
  0x00007f5bc00ff000 JavaThread "Finalizer" daemon [_thread_blocked, id=4860, stack(0x00007f5bac67f000,0x00007f5bac780000)]
  0x00007f5bc0114000 JavaThread "Signal Dispatcher" daemon [_thread_blocked, id=4861, stack(0x00007f5bac57e000,0x00007f5bac67f000)]
  0x00007f5bc0116000 JavaThread "C2 CompilerThread0" daemon [_thread_blocked, id=4862, stack(0x00007f5bac47d000,0x00007f5bac57e000)]
  0x00007f5bc0118000 JavaThread "C1 CompilerThread0" daemon [_thread_blocked, id=4863, stack(0x00007f5bac37c000,0x00007f5bac47d000)]
  0x00007f5bc011a000 JavaThread "Sweeper thread" daemon [_thread_blocked, id=4864, stack(0x00007f5bac27b000,0x00007f5bac37c000)]
  0x00007f5bc017e800 JavaThread "Service Thread" daemon [_thread_blocked, id=4865, stack(0x00007f5bac17a000,0x00007f5bac27b000)]
  0x00007f5bc018d000 JavaThread "Common-Cleaner" daemon [_thread_blocked, id=4867, stack(0x00007f5ba47d7000,0x00007f5ba48d8000)]

Other Threads:
=>0x00007f5bc00f2000 VMThread "VM Thread" [stack: 0x00007f5bc411f000,0x00007f5bc421f000] [id=4858]
  0x00007f5bc0180800 WatcherThread [stack: 0x00007f5bac07a000,0x00007f5bac17a000] [id=4866]
  0x00007f5bc002d000 GCTaskThread "GC Thread#0" [stack: 0x00007f5bc5547000,0x00007f5bc5647000] [id=4853]
  0x00007f5b94001000 GCTaskThread "GC Thread#1" [stack: 0x00007f5ba40af000,0x00007f5ba41af000] [id=4868]
  0x00007f5bc0048000 ConcurrentGCThread "G1 Main Marker" [stack: 0x00007f5bc4a71000,0x00007f5bc4b71000] [id=4854]
  0x00007f5bc0049800 ConcurrentGCThread "G1 Conc#0" [stack: 0x00007f5bc496f000,0x00007f5bc4a6f000] [id=4855]
  0x00007f5bc008d800 ConcurrentGCThread "G1 Refine#0" [stack: 0x00007f5bc4469000,0x00007f5bc4569000] [id=4856]
  0x00007f5bc008f000 ConcurrentGCThread "G1 Young RemSet Sampling" [stack: 0x00007f5bc4367000,0x00007f5bc4467000] [id=4857]

Threads with active compile tasks:
C2 CompilerThread0  57236 8652       4       org.jetbrains.kotlin.ir.symbols.impl.IrBindablePublicSymbolBase::getOwner (46 bytes)
C1 CompilerThread0  57236 8699       3       org.jetbrains.kotlin.backend.jvm.lower.StaticDefaultFunctionLowering::visitSimpleFunction (83 bytes)

VM state:at safepoint (normal execution)

VM Mutex/Monitor currently owned by a thread:  ([mutex/lock_event])
[0x00007f5bc0012730] Threads_lock - owner thread: 0x00007f5bc00f2000
[0x00007f5bc0012f10] Heap_lock - owner thread: 0x00007f5bc0015800

Heap address: 0x00000000c3600000, size: 970 MB, Compressed Oops mode: 32-bit
Narrow klass base: 0x0000000000000000, Narrow klass shift: 3
Compressed class space size: 1073741824 Address: 0x0000000100000000

Heap:
 garbage-first heap   total 180224K, used 62426K [0x00000000c3600000, 0x0000000100000000)
  region size 1024K, 4 young (4096K), 4 survivors (4096K)
 Metaspace       used 72025K, capacity 72773K, committed 74112K, reserved 1114112K
  class space    used 8190K, capacity 8481K, committed 8576K, reserved 1048576K
Heap Regions: E=young(eden), S=young(survivor), O=old, HS=humongous(starts), HC=humongous(continues), CS=collection set, F=free, A=archive, TAMS=top-at-mark-start (previous, next)
|   0|0x00000000c3600000, 0x00000000c3700000, 0x00000000c3700000|100%|HS|  |TAMS 0x00000000c3700000, 0x00000000c3600000| Complete 
|   1|0x00000000c3700000, 0x00000000c3800000, 0x00000000c3800000|100%|HC|  |TAMS 0x00000000c3800000, 0x00000000c3700000| Complete 
|   2|0x00000000c3800000, 0x00000000c3900000, 0x00000000c3900000|100%|HC|  |TAMS 0x00000000c3900000, 0x00000000c3800000| Complete 
|   3|0x00000000c3900000, 0x00000000c3a00000, 0x00000000c3a00000|100%| O|  |TAMS 0x00000000c3a00000, 0x00000000c3900000| Untracked 
|   4|0x00000000c3a00000, 0x00000000c3b00000, 0x00000000c3b00000|100%| O|  |TAMS 0x00000000c3b00000, 0x00000000c3a00000| Untracked 
|   5|0x00000000c3b00000, 0x00000000c3c00000, 0x00000000c3c00000|100%| O|  |TAMS 0x00000000c3c00000, 0x00000000c3b00000| Untracked 
|   6|0x00000000c3c00000, 0x00000000c3d00000, 0x00000000c3d00000|100%| O|  |TAMS 0x00000000c3d00000, 0x00000000c3c00000| Untracked 
|   7|0x00000000c3d00000, 0x00000000c3e00000, 0x00000000c3e00000|100%| O|  |TAMS 0x00000000c3e00000, 0x00000000c3d00000| Untracked 
|   8|0x00000000c3e00000, 0x00000000c3f00000, 0x00000000c3f00000|100%| O|  |TAMS 0x00000000c3f00000, 0x00000000c3e00000| Untracked 
|   9|0x00000000c3f00000, 0x00000000c4000000, 0x00000000c4000000|100%|HS|  |TAMS 0x00000000c4000000, 0x00000000c3f00000| Complete 
|  10|0x00000000c4000000, 0x00000000c4100000, 0x00000000c4100000|100%|HC|  |TAMS 0x00000000c4100000, 0x00000000c4000000| Complete 
|  11|0x00000000c4100000, 0x00000000c4200000, 0x00000000c4200000|100%|HC|  |TAMS 0x00000000c4200000, 0x00000000c4100000| Complete 
|  12|0x00000000c4200000, 0x00000000c4300000, 0x00000000c4300000|100%|HS|  |TAMS 0x00000000c4300000, 0x00000000c4200000| Complete 
|  13|0x00000000c4300000, 0x00000000c4400000, 0x00000000c4400000|100%|HC|  |TAMS 0x00000000c4400000, 0x00000000c4300000| Complete 
|  14|0x00000000c4400000, 0x00000000c4500000, 0x00000000c4500000|100%|HC|  |TAMS 0x00000000c4500000, 0x00000000c4400000| Complete 
|  15|0x00000000c4500000, 0x00000000c4600000, 0x00000000c4600000|100%|HS|  |TAMS 0x00000000c4600000, 0x00000000c4500000| Complete 
|  16|0x00000000c4600000, 0x00000000c4700000, 0x00000000c4700000|100%|HC|  |TAMS 0x00000000c4700000, 0x00000000c4600000| Complete 
|  17|0x00000000c4700000, 0x00000000c4800000, 0x00000000c4800000|100%| O|  |TAMS 0x00000000c4800000, 0x00000000c4700000| Untracked 
|  18|0x00000000c4800000, 0x00000000c4900000, 0x00000000c4900000|100%| O|  |TAMS 0x00000000c4900000, 0x00000000c4800000| Untracked 
|  19|0x00000000c4900000, 0x00000000c4a00000, 0x00000000c4a00000|100%| O|  |TAMS 0x00000000c4a00000, 0x00000000c4900000| Untracked 
|  20|0x00000000c4a00000, 0x00000000c4b00000, 0x00000000c4b00000|100%| O|  |TAMS 0x00000000c4b00000, 0x00000000c4a00000| Untracked 
|  21|0x00000000c4b00000, 0x00000000c4c00000, 0x00000000c4c00000|100%| O|  |TAMS 0x00000000c4c00000, 0x00000000c4b00000| Untracked 
|  22|0x00000000c4c00000, 0x00000000c4d00000, 0x00000000c4d00000|100%| O|  |TAMS 0x00000000c4d00000, 0x00000000c4c00000| Untracked 
|  23|0x00000000c4d00000, 0x00000000c4e00000, 0x00000000c4e00000|100%| O|  |TAMS 0x00000000c4e00000, 0x00000000c4d00000| Untracked 
|  24|0x00000000c4e00000, 0x00000000c4f00000, 0x00000000c4f00000|100%| O|  |TAMS 0x00000000c4f00000, 0x00000000c4e00000| Untracked 
|  25|0x00000000c4f00000, 0x00000000c5000000, 0x00000000c5000000|100%| O|  |TAMS 0x00000000c5000000, 0x00000000c4f00000| Untracked 
|  26|0x00000000c5000000, 0x00000000c5100000, 0x00000000c5100000|100%| O|  |TAMS 0x00000000c5100000, 0x00000000c5000000| Untracked 
|  27|0x00000000c5100000, 0x00000000c5200000, 0x00000000c5200000|100%| O|  |TAMS 0x00000000c5200000, 0x00000000c5100000| Untracked 
|  28|0x00000000c5200000, 0x00000000c5300000, 0x00000000c5300000|100%| O|  |TAMS 0x00000000c5300000, 0x00000000c5200000| Untracked 
|  29|0x00000000c5300000, 0x00000000c5400000, 0x00000000c5400000|100%| O|  |TAMS 0x00000000c5400000, 0x00000000c5300000| Untracked 
|  30|0x00000000c5400000, 0x00000000c5500000, 0x00000000c5500000|100%| O|  |TAMS 0x00000000c5500000, 0x00000000c5400000| Untracked 
|  31|0x00000000c5500000, 0x00000000c5600000, 0x00000000c5600000|100%| O|  |TAMS 0x00000000c5600000, 0x00000000c5500000| Untracked 
|  32|0x00000000c5600000, 0x00000000c5700000, 0x00000000c5700000|100%| O|  |TAMS 0x00000000c5700000, 0x00000000c5600000| Untracked 
|  33|0x00000000c5700000, 0x00000000c5800000, 0x00000000c5800000|100%| O|  |TAMS 0x00000000c5800000, 0x00000000c5700000| Untracked 
|  34|0x00000000c5800000, 0x00000000c5900000, 0x00000000c5900000|100%| O|  |TAMS 0x00000000c5900000, 0x00000000c5800000| Untracked 
|  35|0x00000000c5900000, 0x00000000c5a00000, 0x00000000c5a00000|100%| O|  |TAMS 0x00000000c5a00000, 0x00000000c5900000| Untracked 
|  36|0x00000000c5a00000, 0x00000000c5b00000, 0x00000000c5b00000|100%| O|  |TAMS 0x00000000c5b00000, 0x00000000c5a00000| Untracked 
|  37|0x00000000c5b00000, 0x00000000c5c00000, 0x00000000c5c00000|100%| O|  |TAMS 0x00000000c5c00000, 0x00000000c5b00000| Untracked 
|  38|0x00000000c5c00000, 0x00000000c5d00000, 0x00000000c5d00000|100%| O|  |TAMS 0x00000000c5d00000, 0x00000000c5c00000| Untracked 
|  39|0x00000000c5d00000, 0x00000000c5e00000, 0x00000000c5e00000|100%| O|  |TAMS 0x00000000c5e00000, 0x00000000c5d00000| Untracked 
|  40|0x00000000c5e00000, 0x00000000c5f00000, 0x00000000c5f00000|100%| O|  |TAMS 0x00000000c5f00000, 0x00000000c5e00000| Untracked 
|  41|0x00000000c5f00000, 0x00000000c6000000, 0x00000000c6000000|100%| O|  |TAMS 0x00000000c6000000, 0x00000000c5f00000| Untracked 
|  42|0x00000000c6000000, 0x00000000c6100000, 0x00000000c6100000|100%| O|  |TAMS 0x00000000c6100000, 0x00000000c6000000| Untracked 
|  43|0x00000000c6100000, 0x00000000c6200000, 0x00000000c6200000|100%| O|  |TAMS 0x00000000c6200000, 0x00000000c6100000| Untracked 
|  44|0x00000000c6200000, 0x00000000c6300000, 0x00000000c6300000|100%| O|  |TAMS 0x00000000c6300000, 0x00000000c6200000| Untracked 
|  45|0x00000000c6300000, 0x00000000c6400000, 0x00000000c6400000|100%| O|  |TAMS 0x00000000c6400000, 0x00000000c6300000| Untracked 
|  46|0x00000000c6400000, 0x00000000c6500000, 0x00000000c6500000|100%| O|  |TAMS 0x00000000c6500000, 0x00000000c6400000| Untracked 
|  47|0x00000000c6500000, 0x00000000c6600000, 0x00000000c6600000|100%| O|  |TAMS 0x00000000c6600000, 0x00000000c6500000| Untracked 
|  48|0x00000000c6600000, 0x00000000c6700000, 0x00000000c6700000|100%| O|  |TAMS 0x00000000c6700000, 0x00000000c6600000| Untracked 
|  49|0x00000000c6700000, 0x00000000c6800000, 0x00000000c6800000|100%| O|  |TAMS 0x00000000c6800000, 0x00000000c6700000| Untracked 
|  50|0x00000000c6800000, 0x00000000c6900000, 0x00000000c6900000|100%| O|  |TAMS 0x00000000c6900000, 0x00000000c6800000| Untracked 
|  51|0x00000000c6900000, 0x00000000c6a00000, 0x00000000c6a00000|100%| O|  |TAMS 0x00000000c6a00000, 0x00000000c6900000| Untracked 
|  52|0x00000000c6a00000, 0x00000000c6b00000, 0x00000000c6b00000|100%| O|  |TAMS 0x00000000c6b00000, 0x00000000c6a00000| Untracked 
|  53|0x00000000c6b00000, 0x00000000c6c00000, 0x00000000c6c00000|100%| O|  |TAMS 0x00000000c6b94400, 0x00000000c6b00000| Untracked 
|  54|0x00000000c6c00000, 0x00000000c6d00000, 0x00000000c6d00000|100%| O|  |TAMS 0x00000000c6c00000, 0x00000000c6c00000| Untracked 
|  55|0x00000000c6d00000, 0x00000000c6e00000, 0x00000000c6e00000|100%| O|  |TAMS 0x00000000c6d00000, 0x00000000c6d00000| Untracked 
|  56|0x00000000c6e00000, 0x00000000c6f00000, 0x00000000c6f00000|100%| O|  |TAMS 0x00000000c6e00000, 0x00000000c6e00000| Untracked 
|  57|0x00000000c6f00000, 0x00000000c6f9c200, 0x00000000c7000000| 60%| O|  |TAMS 0x00000000c6f00000, 0x00000000c6f00000| Untracked 
|  58|0x00000000c7000000, 0x00000000c7000000, 0x00000000c7100000|  0%| F|  |TAMS 0x00000000c7000000, 0x00000000c7000000| Untracked 
|  59|0x00000000c7100000, 0x00000000c7100000, 0x00000000c7200000|  0%| F|  |TAMS 0x00000000c7100000, 0x00000000c7100000| Untracked 
|  60|0x00000000c7200000, 0x00000000c7200000, 0x00000000c7300000|  0%| F|  |TAMS 0x00000000c7200000, 0x00000000c7200000| Untracked 
|  61|0x00000000c7300000, 0x00000000c7300000, 0x00000000c7400000|  0%| F|  |TAMS 0x00000000c7300000, 0x00000000c7300000| Untracked 
|  62|0x00000000c7400000, 0x00000000c7400000, 0x00000000c7500000|  0%| F|  |TAMS 0x00000000c7400000, 0x00000000c7400000| Untracked 
|  63|0x00000000c7500000, 0x00000000c7500000, 0x00000000c7600000|  0%| F|  |TAMS 0x00000000c7500000, 0x00000000c7500000| Untracked 
|  64|0x00000000c7600000, 0x00000000c7600000, 0x00000000c7700000|  0%| F|  |TAMS 0x00000000c7600000, 0x00000000c7600000| Untracked 
|  65|0x00000000c7700000, 0x00000000c7700000, 0x00000000c7800000|  0%| F|  |TAMS 0x00000000c7700000, 0x00000000c7700000| Untracked 
|  66|0x00000000c7800000, 0x00000000c7800000, 0x00000000c7900000|  0%| F|  |TAMS 0x00000000c7800000, 0x00000000c7800000| Untracked 
|  67|0x00000000c7900000, 0x00000000c7900000, 0x00000000c7a00000|  0%| F|  |TAMS 0x00000000c7900000, 0x00000000c7900000| Untracked 
|  68|0x00000000c7a00000, 0x00000000c7a00000, 0x00000000c7b00000|  0%| F|  |TAMS 0x00000000c7a00000, 0x00000000c7a00000| Untracked 
|  69|0x00000000c7b00000, 0x00000000c7b00000, 0x00000000c7c00000|  0%| F|  |TAMS 0x00000000c7b00000, 0x00000000c7b00000| Untracked 
|  70|0x00000000c7c00000, 0x00000000c7c00000, 0x00000000c7d00000|  0%| F|  |TAMS 0x00000000c7c00000, 0x00000000c7c00000| Untracked 
|  71|0x00000000c7d00000, 0x00000000c7d00000, 0x00000000c7e00000|  0%| F|  |TAMS 0x00000000c7d00000, 0x00000000c7d00000| Untracked 
|  72|0x00000000c7e00000, 0x00000000c7e00000, 0x00000000c7f00000|  0%| F|  |TAMS 0x00000000c7e00000, 0x00000000c7e00000| Untracked 
|  73|0x00000000c7f00000, 0x00000000c7f00000, 0x00000000c8000000|  0%| F|  |TAMS 0x00000000c7f00000, 0x00000000c7f00000| Untracked 
|  74|0x00000000c8000000, 0x00000000c8000000, 0x00000000c8100000|  0%| F|  |TAMS 0x00000000c8000000, 0x00000000c8000000| Untracked 
|  75|0x00000000c8100000, 0x00000000c815a6b0, 0x00000000c8200000| 35%| S|CS|TAMS 0x00000000c8100000, 0x00000000c8100000| Complete 
|  76|0x00000000c8200000, 0x00000000c8300000, 0x00000000c8300000|100%| S|CS|TAMS 0x00000000c8200000, 0x00000000c8200000| Complete 
|  77|0x00000000c8300000, 0x00000000c8400000, 0x00000000c8400000|100%| S|CS|TAMS 0x00000000c8300000, 0x00000000c8300000| Complete 
|  78|0x00000000c8400000, 0x00000000c8400000, 0x00000000c8500000|  0%| F|  |TAMS 0x00000000c8400000, 0x00000000c8400000| Untracked 
|  79|0x00000000c8500000, 0x00000000c8500000, 0x00000000c8600000|  0%| F|  |TAMS 0x00000000c8500000, 0x00000000c8500000| Untracked 
|  80|0x00000000c8600000, 0x00000000c8600000, 0x00000000c8700000|  0%| F|  |TAMS 0x00000000c8600000, 0x00000000c8600000| Untracked 
|  81|0x00000000c8700000, 0x00000000c8700000, 0x00000000c8800000|  0%| F|  |TAMS 0x00000000c8700000, 0x00000000c8700000| Untracked 
|  82|0x00000000c8800000, 0x00000000c8900000, 0x00000000c8900000|100%| S|CS|TAMS 0x00000000c8800000, 0x00000000c8800000| Complete 
|  83|0x00000000c8900000, 0x00000000c8900000, 0x00000000c8a00000|  0%| F|  |TAMS 0x00000000c8900000, 0x00000000c8900000| Untracked 
|  84|0x00000000c8a00000, 0x00000000c8a00000, 0x00000000c8b00000|  0%| F|  |TAMS 0x00000000c8a00000, 0x00000000c8a00000| Untracked 
|  85|0x00000000c8b00000, 0x00000000c8b00000, 0x00000000c8c00000|  0%| F|  |TAMS 0x00000000c8b00000, 0x00000000c8b00000| Untracked 
|  86|0x00000000c8c00000, 0x00000000c8c00000, 0x00000000c8d00000|  0%| F|  |TAMS 0x00000000c8c00000, 0x00000000c8c00000| Untracked 
|  87|0x00000000c8d00000, 0x00000000c8d00000, 0x00000000c8e00000|  0%| F|  |TAMS 0x00000000c8d00000, 0x00000000c8d00000| Untracked 
|  88|0x00000000c8e00000, 0x00000000c8e00000, 0x00000000c8f00000|  0%| F|  |TAMS 0x00000000c8e00000, 0x00000000c8e00000| Untracked 
|  89|0x00000000c8f00000, 0x00000000c8f00000, 0x00000000c9000000|  0%| F|  |TAMS 0x00000000c8f00000, 0x00000000c8f00000| Untracked 
|  90|0x00000000c9000000, 0x00000000c9000000, 0x00000000c9100000|  0%| F|  |TAMS 0x00000000c9000000, 0x00000000c9000000| Untracked 
|  91|0x00000000c9100000, 0x00000000c9100000, 0x00000000c9200000|  0%| F|  |TAMS 0x00000000c9100000, 0x00000000c9100000| Untracked 
|  92|0x00000000c9200000, 0x00000000c9200000, 0x00000000c9300000|  0%| F|  |TAMS 0x00000000c9200000, 0x00000000c9200000| Untracked 
|  93|0x00000000c9300000, 0x00000000c9300000, 0x00000000c9400000|  0%| F|  |TAMS 0x00000000c9300000, 0x00000000c9300000| Untracked 
|  94|0x00000000c9400000, 0x00000000c9400000, 0x00000000c9500000|  0%| F|  |TAMS 0x00000000c9400000, 0x00000000c9400000| Untracked 
|  95|0x00000000c9500000, 0x00000000c9500000, 0x00000000c9600000|  0%| F|  |TAMS 0x00000000c9500000, 0x00000000c9500000| Untracked 
|  96|0x00000000c9600000, 0x00000000c9600000, 0x00000000c9700000|  0%| F|  |TAMS 0x00000000c9600000, 0x00000000c9600000| Untracked 
|  97|0x00000000c9700000, 0x00000000c9700000, 0x00000000c9800000|  0%| F|  |TAMS 0x00000000c9700000, 0x00000000c9700000| Untracked 
|  98|0x00000000c9800000, 0x00000000c9800000, 0x00000000c9900000|  0%| F|  |TAMS 0x00000000c9800000, 0x00000000c9800000| Untracked 
|  99|0x00000000c9900000, 0x00000000c9900000, 0x00000000c9a00000|  0%| F|  |TAMS 0x00000000c9900000, 0x00000000c9900000| Untracked 
| 100|0x00000000c9a00000, 0x00000000c9a00000, 0x00000000c9b00000|  0%| F|  |TAMS 0x00000000c9a00000, 0x00000000c9a00000| Untracked 
| 101|0x00000000c9b00000, 0x00000000c9b00000, 0x00000000c9c00000|  0%| F|  |TAMS 0x00000000c9b00000, 0x00000000c9b00000| Untracked 
| 102|0x00000000c9c00000, 0x00000000c9c00000, 0x00000000c9d00000|  0%| F|  |TAMS 0x00000000c9c00000, 0x00000000c9c00000| Untracked 
| 103|0x00000000c9d00000, 0x00000000c9d00000, 0x00000000c9e00000|  0%| F|  |TAMS 0x00000000c9d00000, 0x00000000c9d00000| Untracked 
| 104|0x00000000c9e00000, 0x00000000c9e00000, 0x00000000c9f00000|  0%| F|  |TAMS 0x00000000c9e00000, 0x00000000c9e00000| Untracked 
| 105|0x00000000c9f00000, 0x00000000c9f00000, 0x00000000ca000000|  0%| F|  |TAMS 0x00000000c9f00000, 0x00000000c9f00000| Untracked 
| 106|0x00000000ca000000, 0x00000000ca000000, 0x00000000ca100000|  0%| F|  |TAMS 0x00000000ca000000, 0x00000000ca000000| Untracked 
| 107|0x00000000ca100000, 0x00000000ca100000, 0x00000000ca200000|  0%| F|  |TAMS 0x00000000ca100000, 0x00000000ca100000| Untracked 
| 108|0x00000000ca200000, 0x00000000ca200000, 0x00000000ca300000|  0%| F|  |TAMS 0x00000000ca200000, 0x00000000ca200000| Untracked 
| 109|0x00000000ca300000, 0x00000000ca300000, 0x00000000ca400000|  0%| F|  |TAMS 0x00000000ca300000, 0x00000000ca300000| Untracked 
| 110|0x00000000ca400000, 0x00000000ca400000, 0x00000000ca500000|  0%| F|  |TAMS 0x00000000ca400000, 0x00000000ca400000| Untracked 

Card table byte_map: [0x00007f5bc4d77000,0x00007f5bc4f5c000] _byte_map_base: 0x00007f5bc475c000

Marking Bits (Prev, Next): (CMBitMap*) 0x00007f5bc0043328, (CMBitMap*) 0x00007f5bc0043360
 Prev Bits: [0x00007f5bac780000, 0x00007f5bad6a8000)
 Next Bits: [0x00007f5ba70d8000, 0x00007f5ba8000000)

Polling page: 0x00007f5bc7a03000

Metaspace:

Usage:
  Non-class:     62.79 MB capacity,    62.34 MB (>99%) used,   346.75 KB ( <1%) free+waste,   110.38 KB ( <1%) overhead. 
      Class:      8.28 MB capacity,     8.00 MB ( 97%) used,   244.07 KB (  3%) free+waste,    46.19 KB ( <1%) overhead. 
       Both:     71.07 MB capacity,    70.34 MB ( 99%) used,   590.82 KB ( <1%) free+waste,   156.56 KB ( <1%) overhead. 

Virtual space:
  Non-class space:       64.00 MB reserved,      64.00 MB (100%) committed 
      Class space:        1.00 GB reserved,       8.38 MB ( <1%) committed 
             Both:        1.06 GB reserved,      72.38 MB (  7%) committed 

Chunk freelists:
   Non-Class:  1.00 MB
       Class:  31.00 KB
        Both:  1.03 MB

MaxMetaspaceSize: unlimited
CompressedClassSpaceSize: 1.00 GB

CodeHeap 'non-profiled nmethods': size=120032Kb used=3142Kb max_used=3142Kb free=116889Kb
 bounds [0x00007f5bb5170000, 0x00007f5bb5490000, 0x00007f5bbc6a8000]
CodeHeap 'profiled nmethods': size=120032Kb used=20469Kb max_used=20469Kb free=99562Kb
 bounds [0x00007f5badc38000, 0x00007f5baf038000, 0x00007f5bb5170000]
CodeHeap 'non-nmethods': size=5696Kb used=1234Kb max_used=1263Kb free=4461Kb
 bounds [0x00007f5bad6a8000, 0x00007f5bad918000, 0x00007f5badc38000]
 total_blobs=9004 nmethods=8370 adapters=545
 compilation: enabled
              stopped_count=0, restarted_count=0
 full_count=0

Compilation events (20 events):
Event: 56.334 Thread 0x00007f5bc0116000 nmethod 8533 0x00007f5bb547ac90 code [0x00007f5bb547b060, 0x00007f5bb547f548]
Event: 56.334 Thread 0x00007f5bc0116000 8652       4       org.jetbrains.kotlin.ir.symbols.impl.IrBindablePublicSymbolBase::getOwner (46 bytes)
Event: 56.334 Thread 0x00007f5bc0118000 nmethod 8690 0x00007f5baf02c910 code [0x00007f5baf02cb60, 0x00007f5baf02d040]
Event: 56.336 Thread 0x00007f5bc0118000 8691       3       org.jetbrains.kotlin.ir.visitors.IrElementVisitorVoid$DefaultImpls::visitTypeParameter (20 bytes)
Event: 56.337 Thread 0x00007f5bc0118000 nmethod 8691 0x00007f5baf02d390 code [0x00007f5baf02d640, 0x00007f5baf02e0e0]
Event: 56.337 Thread 0x00007f5bc0118000 8693       3       org.jetbrains.kotlin.backend.common.lower.InitializersCleanupLowering::transformFlat (142 bytes)
Event: 56.338 Thread 0x00007f5bc0118000 nmethod 8693 0x00007f5baf02e510 code [0x00007f5baf02e8e0, 0x00007f5baf030440]
Event: 56.338 Thread 0x00007f5bc0118000 8692       3       org.jetbrains.kotlin.ir.visitors.IrElementVisitorVoid$DefaultImpls::visitTypeParameter (23 bytes)
Event: 56.339 Thread 0x00007f5bc0118000 nmethod 8692 0x00007f5baf030c10 code [0x00007f5baf030ec0, 0x00007f5baf031960]
Event: 56.344 Thread 0x00007f5bc0118000 8694       3       org.jetbrains.kotlin.ir.visitors.IrElementTransformerVoid::visitGetField (10 bytes)
Event: 56.345 Thread 0x00007f5bc0118000 nmethod 8694 0x00007f5baf031d10 code [0x00007f5baf031f60, 0x00007f5baf032700]
Event: 56.345 Thread 0x00007f5bc0118000 8695       3       org.jetbrains.kotlin.ir.visitors.IrElementTransformerVoid::visitGetField (13 bytes)
Event: 56.346 Thread 0x00007f5bc0118000 nmethod 8695 0x00007f5baf032990 code [0x00007f5baf032bc0, 0x00007f5baf033200]
Event: 56.349 Thread 0x00007f5bc0118000 8696       3       org.jetbrains.kotlin.ir.visitors.IrElementTransformerVoid::visitConstructorCall (16 bytes)
Event: 56.349 Thread 0x00007f5bc0118000 nmethod 8696 0x00007f5baf033490 code [0x00007f5baf0336c0, 0x00007f5baf033d00]
Event: 56.349 Thread 0x00007f5bc0118000 8697       3       org.jetbrains.kotlin.ir.visitors.IrElementTransformerVoid::visitTypeOperator (10 bytes)
Event: 56.350 Thread 0x00007f5bc0118000 nmethod 8697 0x00007f5baf033f90 code [0x00007f5baf0341e0, 0x00007f5baf034980]
Event: 56.350 Thread 0x00007f5bc0118000 8698       3       org.jetbrains.kotlin.ir.expressions.IrContainerExpression::transformChildren (16 bytes)
Event: 56.351 Thread 0x00007f5bc0118000 nmethod 8698 0x00007f5baf034c10 code [0x00007f5baf034e40, 0x00007f5baf0354a0]
Event: 56.355 Thread 0x00007f5bc0118000 8699       3       org.jetbrains.kotlin.backend.jvm.lower.StaticDefaultFunctionLowering::visitSimpleFunction (83 bytes)

GC Heap History (20 events):
Event: 5.857 GC heap after
{Heap after GC invocations=11 (full 0):
 garbage-first heap   total 76800K, used 29932K [0x00000000c3600000, 0x0000000100000000)
  region size 1024K, 2 young (2048K), 2 survivors (2048K)
 Metaspace       used 44597K, capacity 45090K, committed 45952K, reserved 1089536K
  class space    used 5273K, capacity 5469K, committed 5504K, reserved 1048576K
}
Event: 6.540 GC heap before
{Heap before GC invocations=11 (full 0):
 garbage-first heap   total 76800K, used 53484K [0x00000000c3600000, 0x0000000100000000)
  region size 1024K, 24 young (24576K), 2 survivors (2048K)
 Metaspace       used 47452K, capacity 47950K, committed 48896K, reserved 1091584K
  class space    used 5584K, capacity 5804K, committed 5888K, reserved 1048576K
}
Event: 6.552 GC heap after
{Heap after GC invocations=12 (full 0):
 garbage-first heap   total 76800K, used 35325K [0x00000000c3600000, 0x0000000100000000)
  region size 1024K, 3 young (3072K), 3 survivors (3072K)
 Metaspace       used 47452K, capacity 47950K, committed 48896K, reserved 1091584K
  class space    used 5584K, capacity 5804K, committed 5888K, reserved 1048576K
}
Event: 6.898 GC heap before
{Heap before GC invocations=12 (full 0):
 garbage-first heap   total 76800K, used 54781K [0x00000000c3600000, 0x0000000100000000)
  region size 1024K, 22 young (22528K), 3 survivors (3072K)
 Metaspace       used 48031K, capacity 48587K, committed 49408K, reserved 1093632K
  class space    used 5616K, capacity 5841K, committed 5888K, reserved 1048576K
}
Event: 6.916 GC heap after
{Heap after GC invocations=13 (full 0):
 garbage-first heap   total 92160K, used 37372K [0x00000000c3600000, 0x0000000100000000)
  region size 1024K, 3 young (3072K), 3 survivors (3072K)
 Metaspace       used 48031K, capacity 48587K, committed 49408K, reserved 1093632K
  class space    used 5616K, capacity 5841K, committed 5888K, reserved 1048576K
}
Event: 7.560 GC heap before
{Heap before GC invocations=13 (full 0):
 garbage-first heap   total 92160K, used 62972K [0x00000000c3600000, 0x0000000100000000)
  region size 1024K, 28 young (28672K), 3 survivors (3072K)
 Metaspace       used 51562K, capacity 52165K, committed 53120K, reserved 1095680K
  class space    used 6023K, capacity 6245K, committed 6272K, reserved 1048576K
}
Event: 7.574 GC heap after
{Heap after GC invocations=14 (full 0):
 garbage-first heap   total 92160K, used 40416K [0x00000000c3600000, 0x0000000100000000)
  region size 1024K, 3 young (3072K), 3 survivors (3072K)
 Metaspace       used 51562K, capacity 52165K, committed 53120K, reserved 1095680K
  class space    used 6023K, capacity 6245K, committed 6272K, reserved 1048576K
}
Event: 8.585 GC heap before
{Heap before GC invocations=14 (full 0):
 garbage-first heap   total 92160K, used 66016K [0x00000000c3600000, 0x0000000100000000)
  region size 1024K, 28 young (28672K), 3 survivors (3072K)
 Metaspace       used 52944K, capacity 53539K, committed 54528K, reserved 1097728K
  class space    used 6076K, capacity 6318K, committed 6400K, reserved 1048576K
}
Event: 8.605 GC heap after
{Heap after GC invocations=15 (full 0):
 garbage-first heap   total 92160K, used 45000K [0x00000000c3600000, 0x0000000100000000)
  region size 1024K, 4 young (4096K), 4 survivors (4096K)
 Metaspace       used 52944K, capacity 53539K, committed 54528K, reserved 1097728K
  class space    used 6076K, capacity 6318K, committed 6400K, reserved 1048576K
}
Event: 9.416 GC heap before
{Heap before GC invocations=15 (full 0):
 garbage-first heap   total 92160K, used 68552K [0x00000000c3600000, 0x0000000100000000)
  region size 1024K, 27 young (27648K), 4 survivors (4096K)
 Metaspace       used 54992K, capacity 55634K, committed 56576K, reserved 1099776K
  class space    used 6312K, capacity 6549K, committed 6656K, reserved 1048576K
}
Event: 9.440 GC heap after
{Heap after GC invocations=16 (full 0):
 garbage-first heap   total 92160K, used 48496K [0x00000000c3600000, 0x0000000100000000)
  region size 1024K, 4 young (4096K), 4 survivors (4096K)
 Metaspace       used 54992K, capacity 55634K, committed 56576K, reserved 1099776K
  class space    used 6312K, capacity 6549K, committed 6656K, reserved 1048576K
}
Event: 10.390 GC heap before
{Heap before GC invocations=16 (full 0):
 garbage-first heap   total 92160K, used 63856K [0x00000000c3600000, 0x0000000100000000)
  region size 1024K, 21 young (21504K), 4 survivors (4096K)
 Metaspace       used 58788K, capacity 59439K, committed 60160K, reserved 1101824K
  class space    used 6876K, capacity 7154K, committed 7168K, reserved 1048576K
}
Event: 10.409 GC heap after
{Heap after GC invocations=17 (full 0):
 garbage-first heap   total 113664K, used 50565K [0x00000000c3600000, 0x0000000100000000)
  region size 1024K, 2 young (2048K), 2 survivors (2048K)
 Metaspace       used 58788K, capacity 59439K, committed 60160K, reserved 1101824K
  class space    used 6876K, capacity 7154K, committed 7168K, reserved 1048576K
}
Event: 14.164 GC heap before
{Heap before GC invocations=18 (full 0):
 garbage-first heap   total 113664K, used 79237K [0x00000000c3600000, 0x0000000100000000)
  region size 1024K, 31 young (31744K), 2 survivors (2048K)
 Metaspace       used 61760K, capacity 62458K, committed 63360K, reserved 1105920K
  class space    used 7161K, capacity 7454K, committed 7552K, reserved 1048576K
}
Event: 14.475 GC heap after
{Heap after GC invocations=19 (full 0):
 garbage-first heap   total 113664K, used 54246K [0x00000000c3600000, 0x0000000100000000)
  region size 1024K, 4 young (4096K), 4 survivors (4096K)
 Metaspace       used 61760K, capacity 62458K, committed 63360K, reserved 1105920K
  class space    used 7161K, capacity 7454K, committed 7552K, reserved 1048576K
}
Event: 27.402 GC heap before
{Heap before GC invocations=19 (full 0):
 garbage-first heap   total 113664K, used 82918K [0x00000000c3600000, 0x0000000100000000)
  region size 1024K, 32 young (32768K), 4 survivors (4096K)
 Metaspace       used 65699K, capacity 66405K, committed 67584K, reserved 1110016K
  class space    used 7532K, capacity 7809K, committed 7936K, reserved 1048576K
}
Event: 27.554 GC heap after
{Heap after GC invocations=20 (full 0):
 garbage-first heap   total 113664K, used 56549K [0x00000000c3600000, 0x0000000100000000)
  region size 1024K, 2 young (2048K), 2 survivors (2048K)
 Metaspace       used 65699K, capacity 66405K, committed 67584K, reserved 1110016K
  class space    used 7532K, capacity 7809K, committed 7936K, reserved 1048576K
}
Event: 50.781 GC heap before
{Heap before GC invocations=20 (full 0):
 garbage-first heap   total 113664K, used 85221K [0x00000000c3600000, 0x0000000100000000)
  region size 1024K, 30 young (30720K), 2 survivors (2048K)
 Metaspace       used 70130K, capacity 70885K, committed 72064K, reserved 1114112K
  class space    used 7979K, capacity 8257K, committed 8320K, reserved 1048576K
}
Event: 50.961 GC heap after
{Heap after GC invocations=21 (full 0):
 garbage-first heap   total 113664K, used 58961K [0x00000000c3600000, 0x0000000100000000)
  region size 1024K, 4 young (4096K), 4 survivors (4096K)
 Metaspace       used 70130K, capacity 70885K, committed 72064K, reserved 1114112K
  class space    used 7979K, capacity 8257K, committed 8320K, reserved 1048576K
}
Event: 56.426 GC heap before
{Heap before GC invocations=22 (full 0):
 garbage-first heap   total 113664K, used 87633K [0x00000000c3600000, 0x0000000100000000)
  region size 1024K, 32 young (32768K), 4 survivors (4096K)
 Metaspace       used 72025K, capacity 72773K, committed 74112K, reserved 1114112K
  class space    used 8190K, capacity 8481K, committed 8576K, reserved 1048576K
}

Deoptimization events (20 events):
Event: 53.497 Thread 0x00007f5bc0015800 Uncommon trap: trap_request=0xfffffff4 fr.pc=0x00007f5bb54606b0 relative=0x00000000000000f0
Event: 53.497 Thread 0x00007f5bc0015800 Uncommon trap: reason=null_check action=make_not_entrant pc=0x00007f5bb54606b0 method=org.jetbrains.kotlin.backend.common.BodyLoweringVisitor.visitDeclaration(Lorg/jetbrains/kotlin/ir/declarations/IrDeclarationBase;Ljava/lang/Object;)Ljava/lang/Object; @ 
Event: 53.497 Thread 0x00007f5bc0015800 DEOPT PACKING pc=0x00007f5bb54606b0 sp=0x00007f5bc61bc510
Event: 53.497 Thread 0x00007f5bc0015800 DEOPT UNPACKING pc=0x00007f5bad6ce4a5 sp=0x00007f5bc61bc4c0 mode 2
Event: 55.520 Thread 0x00007f5bc0015800 Uncommon trap: trap_request=0xffffff6e fr.pc=0x00007f5bb5471638 relative=0x0000000000000078
Event: 55.520 Thread 0x00007f5bc0015800 Uncommon trap: reason=speculate_class_check action=maybe_recompile pc=0x00007f5bb5471638 method=org.jetbrains.kotlin.ir.visitors.IrElementVisitorVoidKt.acceptChildrenVoid(Lorg/jetbrains/kotlin/ir/IrElement;Lorg/jetbrains/kotlin/ir/visitors/IrElementVisito
Event: 55.520 Thread 0x00007f5bc0015800 DEOPT PACKING pc=0x00007f5bb5471638 sp=0x00007f5bc61bdc50
Event: 55.520 Thread 0x00007f5bc0015800 DEOPT UNPACKING pc=0x00007f5bad6ce4a5 sp=0x00007f5bc61bdac8 mode 2
Event: 55.520 Thread 0x00007f5bc0015800 Uncommon trap: trap_request=0xffffff6e fr.pc=0x00007f5bb5471638 relative=0x0000000000000078
Event: 55.520 Thread 0x00007f5bc0015800 Uncommon trap: reason=speculate_class_check action=maybe_recompile pc=0x00007f5bb5471638 method=org.jetbrains.kotlin.ir.visitors.IrElementVisitorVoidKt.acceptChildrenVoid(Lorg/jetbrains/kotlin/ir/IrElement;Lorg/jetbrains/kotlin/ir/visitors/IrElementVisito
Event: 55.520 Thread 0x00007f5bc0015800 DEOPT PACKING pc=0x00007f5bb5471638 sp=0x00007f5bc61bdce0
Event: 55.520 Thread 0x00007f5bc0015800 DEOPT UNPACKING pc=0x00007f5bad6ce4a5 sp=0x00007f5bc61bdb48 mode 2
Event: 55.520 Thread 0x00007f5bc0015800 Uncommon trap: trap_request=0xffffff6e fr.pc=0x00007f5bb5471638 relative=0x0000000000000078
Event: 55.520 Thread 0x00007f5bc0015800 Uncommon trap: reason=speculate_class_check action=maybe_recompile pc=0x00007f5bb5471638 method=org.jetbrains.kotlin.ir.visitors.IrElementVisitorVoidKt.acceptChildrenVoid(Lorg/jetbrains/kotlin/ir/IrElement;Lorg/jetbrains/kotlin/ir/visitors/IrElementVisito
Event: 55.520 Thread 0x00007f5bc0015800 DEOPT PACKING pc=0x00007f5bb5471638 sp=0x00007f5bc61bbe10
Event: 55.520 Thread 0x00007f5bc0015800 DEOPT UNPACKING pc=0x00007f5bad6ce4a5 sp=0x00007f5bc61bbc88 mode 2
Event: 55.521 Thread 0x00007f5bc0015800 Uncommon trap: trap_request=0xffffff6e fr.pc=0x00007f5bb5471638 relative=0x0000000000000078
Event: 55.521 Thread 0x00007f5bc0015800 Uncommon trap: reason=speculate_class_check action=maybe_recompile pc=0x00007f5bb5471638 method=org.jetbrains.kotlin.ir.visitors.IrElementVisitorVoidKt.acceptChildrenVoid(Lorg/jetbrains/kotlin/ir/IrElement;Lorg/jetbrains/kotlin/ir/visitors/IrElementVisito
Event: 55.521 Thread 0x00007f5bc0015800 DEOPT PACKING pc=0x00007f5bb5471638 sp=0x00007f5bc61bd3d0
Event: 55.521 Thread 0x00007f5bc0015800 DEOPT UNPACKING pc=0x00007f5bad6ce4a5 sp=0x00007f5bc61bd248 mode 2

Classes redefined (0 events):
No events

Internal exceptions (20 events):
Event: 7.789 Thread 0x00007f5bc0015800 Exception <a 'java/lang/NoSuchMethodError'{0x00000000c8a098a0}: 'java.lang.Object java.lang.invoke.DirectMethodHandle$Holder.invokeStaticInit(java.lang.Object, java.lang.Object, java.lang.Object)'> (0x00000000c8a098a0) thrown at [./src/hotspot/share/interpreter/linkResolver.cpp, line 773]
Event: 8.944 Thread 0x00007f5bc0015800 Implicit null exception at 0x00007f5bb530f3af to 0x00007f5bb530f3dc
Event: 8.975 Thread 0x00007f5bc0015800 Exception <a 'java/lang/NoSuchMethodError'{0x00000000c84992a8}: 'int java.lang.invoke.DirectMethodHandle$Holder.invokeStaticInit(java.lang.Object, int)'> (0x00000000c84992a8) thrown at [./src/hotspot/share/interpreter/linkResolver.cpp, line 773]
Event: 9.190 Thread 0x00007f5bc0015800 Exception <a 'java/lang/NoSuchMethodError'{0x00000000c7fda8e8}: 'int java.lang.invoke.DirectMethodHandle$Holder.invokeInterface(java.lang.Object, java.lang.Object)'> (0x00000000c7fda8e8) thrown at [./src/hotspot/share/interpreter/linkResolver.cpp, line 773]
Event: 9.298 Thread 0x00007f5bc0015800 Exception <a 'java/lang/NoSuchMethodError'{0x00000000c7b78df8}: 'java.lang.Object java.lang.invoke.Invokers$Holder.linkToTargetMethod(java.lang.Object, java.lang.Object, java.lang.Object, int, int, java.lang.Object)'> (0x00000000c7b78df8) thrown at [./src/hotspot/share/interpreter/linkResolver.cpp, line 773]
Event: 9.364 Thread 0x00007f5bc0015800 Exception <a 'java/lang/NoSuchMethodError'{0x00000000c7948650}: 'int java.lang.invoke.DirectMethodHandle$Holder.invokeVirtual(java.lang.Object, java.lang.Object, java.lang.Object)'> (0x00000000c7948650) thrown at [./src/hotspot/share/interpreter/linkResolver.cpp, line 773]
Event: 9.635 Thread 0x00007f5bc0015800 Exception <a 'java/lang/NoSuchMethodError'{0x00000000c8c1bf88}: 'java.lang.Object java.lang.invoke.DirectMethodHandle$Holder.invokeSpecial(java.lang.Object, java.lang.Object, java.lang.Object, java.lang.Object, java.lang.Object, int)'> (0x00000000c8c1bf88) thrown at [./src/hotspot/share/interpreter/linkResolver.cpp, line 773]
Event: 9.635 Thread 0x00007f5bc0015800 Exception <a 'java/lang/NoSuchMethodError'{0x00000000c8c1fdd0}: 'java.lang.Object java.lang.invoke.Invokers$Holder.linkToTargetMethod(java.lang.Object, java.lang.Object, java.lang.Object, int, java.lang.Object)'> (0x00000000c8c1fdd0) thrown at [./src/hotspot/share/interpreter/linkResolver.cpp, line 773]
Event: 9.785 Thread 0x00007f5bc0015800 Exception <a 'java/lang/IncompatibleClassChangeError'{0x00000000c89720f0}: Found class java.lang.Object, but interface was expected> (0x00000000c89720f0) thrown at [./src/hotspot/share/interpreter/linkResolver.cpp, line 839]
Event: 9.898 Thread 0x00007f5bc0015800 Implicit null exception at 0x00007f5bb5249fdb to 0x00007f5bb524a6f4
Event: 9.898 Thread 0x00007f5bc0015800 Implicit null exception at 0x00007f5bb51c94db to 0x00007f5bb51c9c12
Event: 10.122 Thread 0x00007f5bc0015800 Exception <a 'java/lang/NoSuchMethodError'{0x00000000c845bea0}: 'java.lang.Object java.lang.invoke.Invokers$Holder.linkToTargetMethod(java.lang.Object, java.lang.Object, java.lang.Object, java.lang.Object, java.lang.Object, java.lang.Object, java.lang.Object)'> (0x00000000c845bea0) thrown at [./src/hotspot/share/interpreter/linkResolver.cpp, line 773]
Event: 10.252 Thread 0x00007f5bc0015800 Exception <a 'java/lang/NoSuchMethodError'{0x00000000c8126b48}: 'java.lang.Object java.lang.invoke.DirectMethodHandle$Holder.invokeInterface(java.lang.Object, java.lang.Object, java.lang.Object)'> (0x00000000c8126b48) thrown at [./src/hotspot/share/interpreter/linkResolver.cpp, line 773]
Event: 10.252 Thread 0x00007f5bc0015800 Exception <a 'java/lang/IncompatibleClassChangeError'{0x00000000c812ad68}: Found class java.lang.Object, but interface was expected> (0x00000000c812ad68) thrown at [./src/hotspot/share/interpreter/linkResolver.cpp, line 839]
Event: 10.812 Thread 0x00007f5bc0015800 Exception <a 'java/lang/NoSuchMethodError'{0x00000000c9928348}: 'java.lang.Object java.lang.invoke.DirectMethodHandle$Holder.invokeStatic(java.lang.Object, int, java.lang.Object, java.lang.Object)'> (0x00000000c9928348) thrown at [./src/hotspot/share/interpreter/linkResolver.cpp, line 773]
Event: 10.813 Thread 0x00007f5bc0015800 Exception <a 'java/lang/NoSuchMethodError'{0x00000000c992fdb8}: 'java.lang.Object java.lang.invoke.DirectMethodHandle$Holder.invokeStatic(java.lang.Object, int, java.lang.Object)'> (0x00000000c992fdb8) thrown at [./src/hotspot/share/interpreter/linkResolver.cpp, line 773]
Event: 11.313 Thread 0x00007f5bc0015800 Implicit null exception at 0x00007f5bb51c7975 to 0x00007f5bb51c7b3c
Event: 11.316 Thread 0x00007f5bc0015800 Implicit null exception at 0x00007f5bb51e072f to 0x00007f5bb51e079d
Event: 47.316 Thread 0x00007f5bc0015800 Implicit null exception at 0x00007f5bb51d16f4 to 0x00007f5bb51d1910
Event: 53.497 Thread 0x00007f5bc0015800 Implicit null exception at 0x00007f5bb54605f5 to 0x00007f5bb546069d

Events (20 events):
Event: 56.325 loading class org/jetbrains/kotlin/backend/common/lower/InitializersLowering$lower$1 done
Event: 56.331 loading class org/jetbrains/kotlin/backend/common/lower/InitializersLowering$lower$2
Event: 56.331 loading class org/jetbrains/kotlin/backend/common/lower/InitializersLowering$lower$2 done
Event: 56.332 loading class org/jetbrains/kotlin/backend/common/lower/InitializersCleanupLowering
Event: 56.332 loading class org/jetbrains/kotlin/backend/common/lower/InitializersCleanupLowering done
Event: 56.334 loading class org/jetbrains/kotlin/backend/jvm/JvmLowerKt$initializersCleanupPhase$2$1
Event: 56.334 loading class org/jetbrains/kotlin/backend/jvm/JvmLowerKt$initializersCleanupPhase$2$1 done
Event: 56.337 loading class org/jetbrains/kotlin/backend/jvm/lower/FunctionNVarargBridgeLowering
Event: 56.337 loading class org/jetbrains/kotlin/backend/jvm/lower/FunctionNVarargBridgeLowering done
Event: 56.342 loading class org/jetbrains/kotlin/backend/jvm/lower/FunctionNVarargBridgeLowering$arraySizePropertyGetter$2
Event: 56.342 loading class org/jetbrains/kotlin/backend/jvm/lower/FunctionNVarargBridgeLowering$arraySizePropertyGetter$2 done
Event: 56.344 loading class org/jetbrains/kotlin/backend/jvm/lower/FunctionNVarargBridgeLowering$arrayGetFun$2
Event: 56.344 loading class org/jetbrains/kotlin/backend/jvm/lower/FunctionNVarargBridgeLowering$arrayGetFun$2 done
Event: 56.345 loading class org/jetbrains/kotlin/backend/jvm/lower/JvmStaticInCompanionLowering
Event: 56.345 loading class org/jetbrains/kotlin/backend/jvm/lower/JvmStaticInCompanionLowering done
Event: 56.346 loading class org/jetbrains/kotlin/backend/jvm/lower/CompanionObjectJvmStaticTransformer
Event: 56.346 loading class org/jetbrains/kotlin/backend/jvm/lower/CompanionObjectJvmStaticTransformer done
Event: 56.349 loading class org/jetbrains/kotlin/backend/jvm/lower/StaticDefaultFunctionLowering
Event: 56.349 loading class org/jetbrains/kotlin/backend/jvm/lower/StaticDefaultFunctionLowering done
Event: 56.414 Executing VM operation: G1CollectForAllocation


Dynamic libraries:
00400000-00401000 r-xp 00000000 08:04 5505206                            /home/ADMIN/Downloads/android-studio/jre/bin/java
00600000-00601000 r--p 00000000 08:04 5505206                            /home/ADMIN/Downloads/android-studio/jre/bin/java
00601000-00602000 rw-p 00001000 08:04 5505206                            /home/ADMIN/Downloads/android-studio/jre/bin/java
02548000-02569000 rw-p 00000000 00:00 0                                  [heap]
c3600000-ca500000 rw-p 00000000 00:00 0 
ce600000-100000000 ---p 00000000 00:00 0 
100000000-100860000 rw-p 00000000 00:00 0 
100860000-140000000 ---p 00000000 00:00 0 
7f5b5c000000-7f5b5c04f000 rw-p 00000000 00:00 0 
7f5b5c04f000-7f5b60000000 ---p 00000000 00:00 0 
7f5b64000000-7f5b64021000 rw-p 00000000 00:00 0 
7f5b64021000-7f5b68000000 ---p 00000000 00:00 0 
7f5b68000000-7f5b68021000 rw-p 00000000 00:00 0 
7f5b68021000-7f5b6c000000 ---p 00000000 00:00 0 
7f5b6c000000-7f5b6c021000 rw-p 00000000 00:00 0 
7f5b6c021000-7f5b70000000 ---p 00000000 00:00 0 
7f5b70000000-7f5b70021000 rw-p 00000000 00:00 0 
7f5b70021000-7f5b74000000 ---p 00000000 00:00 0 
7f5b74000000-7f5b75bf1000 rw-p 00000000 00:00 0 
7f5b75bf1000-7f5b78000000 ---p 00000000 00:00 0 
7f5b78000000-7f5b78c08000 rw-p 00000000 00:00 0 
7f5b78c08000-7f5b7c000000 ---p 00000000 00:00 0 
7f5b7c000000-7f5b7c021000 rw-p 00000000 00:00 0 
7f5b7c021000-7f5b80000000 ---p 00000000 00:00 0 
7f5b800d7000-7f5b802d7000 rw-p 00000000 00:00 0 
7f5b802d7000-7f5b804d7000 rw-p 00000000 00:00 0 
7f5b804d7000-7f5b806d7000 rw-p 00000000 00:00 0 
7f5b806d7000-7f5b808d7000 rw-p 00000000 00:00 0 
7f5b808d7000-7f5b80ad7000 rw-p 00000000 00:00 0 
7f5b80ad7000-7f5b80cd7000 rw-p 00000000 00:00 0 
7f5b80cd7000-7f5b80ed7000 rw-p 00000000 00:00 0 
7f5b80ed7000-7f5b810d7000 rw-p 00000000 00:00 0 
7f5b810d7000-7f5b812d7000 rw-p 00000000 00:00 0 
7f5b812d7000-7f5b814d7000 rw-p 00000000 00:00 0 
7f5b814d7000-7f5b816d7000 rw-p 00000000 00:00 0 
7f5b816d7000-7f5b818d7000 rw-p 00000000 00:00 0 
7f5b818d7000-7f5b81ad7000 rw-p 00000000 00:00 0 
7f5b81ad7000-7f5b81cd7000 rw-p 00000000 00:00 0 
7f5b81cd7000-7f5b81ed7000 rw-p 00000000 00:00 0 
7f5b81ed7000-7f5b820d7000 rw-p 00000000 00:00 0 
7f5b820d7000-7f5b822d7000 rw-p 00000000 00:00 0 
7f5b822d7000-7f5b824d7000 rw-p 00000000 00:00 0 
7f5b82521000-7f5b82721000 rw-p 00000000 00:00 0 
7f5b82721000-7f5b82921000 rw-p 00000000 00:00 0 
7f5b82921000-7f5b82b21000 rw-p 00000000 00:00 0 
7f5b82b21000-7f5b82fcc000 rw-p 00000000 00:00 0 
7f5b82fcc000-7f5b831cc000 rw-p 00000000 00:00 0 
7f5b831cc000-7f5b833cc000 rw-p 00000000 00:00 0 
7f5b833cc000-7f5b835cc000 rw-p 00000000 00:00 0 
7f5b835cc000-7f5b837cc000 rw-p 00000000 00:00 0 
7f5b837cc000-7f5b839cc000 rw-p 00000000 00:00 0 
7f5b839cc000-7f5b83bcc000 rw-p 00000000 00:00 0 
7f5b83bcc000-7f5b88000000 r--p 00000000 08:04 2363729                    /usr/lib/locale/locale-archive
7f5b88000000-7f5b88021000 rw-p 00000000 00:00 0 
7f5b88021000-7f5b8c000000 ---p 00000000 00:00 0 
7f5b8c000000-7f5b8c021000 rw-p 00000000 00:00 0 
7f5b8c021000-7f5b90000000 ---p 00000000 00:00 0 
7f5b90000000-7f5b90021000 rw-p 00000000 00:00 0 
7f5b90021000-7f5b94000000 ---p 00000000 00:00 0 
7f5b94000000-7f5b943bc000 rw-p 00000000 00:00 0 
7f5b943bc000-7f5b98000000 ---p 00000000 00:00 0 
7f5b98000000-7f5b98068000 rw-p 00000000 00:00 0 
7f5b98068000-7f5b9c000000 ---p 00000000 00:00 0 
7f5b9c000000-7f5b9c021000 rw-p 00000000 00:00 0 
7f5b9c021000-7f5ba0000000 ---p 00000000 00:00 0 
7f5ba0000000-7f5ba0021000 rw-p 00000000 00:00 0 
7f5ba0021000-7f5ba4000000 ---p 00000000 00:00 0 
7f5ba40ad000-7f5ba40ae000 ---p 00000000 00:00 0 
7f5ba40ae000-7f5ba41af000 rw-p 00000000 00:00 0 
7f5ba41af000-7f5ba41b2000 r-xp 00000000 08:04 5120666                    /tmp/libjansi-1.5.10-release-890 (1.5.10)-16076925053851680611.so
7f5ba41b2000-7f5ba43b1000 ---p 00003000 08:04 5120666                    /tmp/libjansi-1.5.10-release-890 (1.5.10)-16076925053851680611.so
7f5ba43b1000-7f5ba43b2000 rw-p 00002000 08:04 5120666                    /tmp/libjansi-1.5.10-release-890 (1.5.10)-16076925053851680611.so
7f5ba43b2000-7f5ba43c6000 r-xp 00000000 08:04 5505187                    /home/ADMIN/Downloads/android-studio/jre/lib/libnet.so
7f5ba43c6000-7f5ba45c5000 ---p 00014000 08:04 5505187                    /home/ADMIN/Downloads/android-studio/jre/lib/libnet.so
7f5ba45c5000-7f5ba45c6000 r--p 00013000 08:04 5505187                    /home/ADMIN/Downloads/android-studio/jre/lib/libnet.so
7f5ba45c6000-7f5ba45c7000 rw-p 00014000 08:04 5505187                    /home/ADMIN/Downloads/android-studio/jre/lib/libnet.so
7f5ba45c7000-7f5ba45d5000 r-xp 00000000 08:04 5505122                    /home/ADMIN/Downloads/android-studio/jre/lib/libnio.so
7f5ba45d5000-7f5ba47d5000 ---p 0000e000 08:04 5505122                    /home/ADMIN/Downloads/android-studio/jre/lib/libnio.so
7f5ba47d5000-7f5ba47d6000 r--p 0000e000 08:04 5505122                    /home/ADMIN/Downloads/android-studio/jre/lib/libnio.so
7f5ba47d6000-7f5ba47d7000 rw-p 0000f000 08:04 5505122                    /home/ADMIN/Downloads/android-studio/jre/lib/libnio.so
7f5ba47d7000-7f5ba47db000 ---p 00000000 00:00 0 
7f5ba47db000-7f5ba7294000 rw-p 00000000 00:00 0 
7f5ba7294000-7f5ba8000000 ---p 00000000 00:00 0 
7f5ba8000000-7f5ba803a000 rw-p 00000000 00:00 0 
7f5ba803a000-7f5bac000000 ---p 00000000 00:00 0 
7f5bac042000-7f5bac043000 r--p 00000000 08:04 2626534                    /usr/lib/x86_64-linux-gnu/libutil-2.28.so
7f5bac043000-7f5bac044000 r-xp 00001000 08:04 2626534                    /usr/lib/x86_64-linux-gnu/libutil-2.28.so
7f5bac044000-7f5bac045000 r--p 00002000 08:04 2626534                    /usr/lib/x86_64-linux-gnu/libutil-2.28.so
7f5bac045000-7f5bac046000 r--p 00002000 08:04 2626534                    /usr/lib/x86_64-linux-gnu/libutil-2.28.so
7f5bac046000-7f5bac047000 rw-p 00003000 08:04 2626534                    /usr/lib/x86_64-linux-gnu/libutil-2.28.so
7f5bac047000-7f5bac078000 rw-p 00000000 00:00 0 
7f5bac078000-7f5bac079000 ---p 00000000 00:00 0 
7f5bac079000-7f5bac17a000 rw-p 00000000 00:00 0 
7f5bac17a000-7f5bac17e000 ---p 00000000 00:00 0 
7f5bac17e000-7f5bac27b000 rw-p 00000000 00:00 0 
7f5bac27b000-7f5bac27f000 ---p 00000000 00:00 0 
7f5bac27f000-7f5bac37c000 rw-p 00000000 00:00 0 
7f5bac37c000-7f5bac380000 ---p 00000000 00:00 0 
7f5bac380000-7f5bac47d000 rw-p 00000000 00:00 0 
7f5bac47d000-7f5bac481000 ---p 00000000 00:00 0 
7f5bac481000-7f5bac57e000 rw-p 00000000 00:00 0 
7f5bac57e000-7f5bac582000 ---p 00000000 00:00 0 
7f5bac582000-7f5bac67f000 rw-p 00000000 00:00 0 
7f5bac67f000-7f5bac683000 ---p 00000000 00:00 0 
7f5bac683000-7f5bac93c000 rw-p 00000000 00:00 0 
7f5bac93c000-7f5bad6a8000 ---p 00000000 00:00 0 
7f5bad6a8000-7f5bad918000 rwxp 00000000 00:00 0 
7f5bad918000-7f5badc38000 ---p 00000000 00:00 0 
7f5badc38000-7f5baf038000 rwxp 00000000 00:00 0 
7f5baf038000-7f5bb5170000 ---p 00000000 00:00 0 
7f5bb5170000-7f5bb5490000 rwxp 00000000 00:00 0 
7f5bb5490000-7f5bbc6a8000 ---p 00000000 00:00 0 
7f5bbc6a8000-7f5bc0000000 r--s 00000000 08:04 5505189                    /home/ADMIN/Downloads/android-studio/jre/lib/modules
7f5bc0000000-7f5bc1a5b000 rw-p 00000000 00:00 0 
7f5bc1a5b000-7f5bc4000000 ---p 00000000 00:00 0 
7f5bc401c000-7f5bc4020000 ---p 00000000 00:00 0 
7f5bc4020000-7f5bc411d000 rw-p 00000000 00:00 0 
7f5bc411d000-7f5bc411e000 ---p 00000000 00:00 0 
7f5bc411e000-7f5bc4365000 rw-p 00000000 00:00 0 
7f5bc4365000-7f5bc4366000 ---p 00000000 00:00 0 
7f5bc4366000-7f5bc4467000 rw-p 00000000 00:00 0 
7f5bc4467000-7f5bc4468000 ---p 00000000 00:00 0 
7f5bc4468000-7f5bc496d000 rw-p 00000000 00:00 0 
7f5bc496d000-7f5bc496e000 ---p 00000000 00:00 0 
7f5bc496e000-7f5bc4a6f000 rw-p 00000000 00:00 0 
7f5bc4a6f000-7f5bc4a70000 ---p 00000000 00:00 0 
7f5bc4a70000-7f5bc4bca000 rw-p 00000000 00:00 0 
7f5bc4bca000-7f5bc4d77000 ---p 00000000 00:00 0 
7f5bc4d77000-7f5bc4daf000 rw-p 00000000 00:00 0 
7f5bc4daf000-7f5bc4f5c000 ---p 00000000 00:00 0 
7f5bc4f5c000-7f5bc4f94000 rw-p 00000000 00:00 0 
7f5bc4f94000-7f5bc5141000 ---p 00000000 00:00 0 
7f5bc5141000-7f5bc5545000 rw-p 00000000 00:00 0 
7f5bc5545000-7f5bc5546000 ---p 00000000 00:00 0 
7f5bc5546000-7f5bc564e000 rw-p 00000000 00:00 0 
7f5bc564e000-7f5bc5732000 ---p 00000000 00:00 0 
7f5bc5732000-7f5bc575a000 rw-p 00000000 00:00 0 
7f5bc575a000-7f5bc581d000 ---p 00000000 00:00 0 
7f5bc581d000-7f5bc5822000 rw-p 00000000 00:00 0 
7f5bc5822000-7f5bc5829000 ---p 00000000 00:00 0 
7f5bc5829000-7f5bc5845000 r-xp 00000000 08:04 5505186                    /home/ADMIN/Downloads/android-studio/jre/lib/libzip.so
7f5bc5845000-7f5bc5a44000 ---p 0001c000 08:04 5505186                    /home/ADMIN/Downloads/android-studio/jre/lib/libzip.so
7f5bc5a44000-7f5bc5a45000 r--p 0001b000 08:04 5505186                    /home/ADMIN/Downloads/android-studio/jre/lib/libzip.so
7f5bc5a45000-7f5bc5a46000 rw-p 0001c000 08:04 5505186                    /home/ADMIN/Downloads/android-studio/jre/lib/libzip.so
7f5bc5a46000-7f5bc5a4e000 rw-s 00000000 08:04 5120445                    /tmp/hsperfdata_ADMIN/4848
7f5bc5a4e000-7f5bc5a6b000 r-xp 00000000 08:04 5505110                    /home/ADMIN/Downloads/android-studio/jre/lib/libjimage.so
7f5bc5a6b000-7f5bc5c6a000 ---p 0001d000 08:04 5505110                    /home/ADMIN/Downloads/android-studio/jre/lib/libjimage.so
7f5bc5c6a000-7f5bc5c6c000 r--p 0001c000 08:04 5505110                    /home/ADMIN/Downloads/android-studio/jre/lib/libjimage.so
7f5bc5c6c000-7f5bc5c6d000 rw-p 0001e000 08:04 5505110                    /home/ADMIN/Downloads/android-studio/jre/lib/libjimage.so
7f5bc5c6d000-7f5bc5c7f000 rw-p 00000000 00:00 0 
7f5bc5c7f000-7f5bc5ca4000 r-xp 00000000 08:04 5505175                    /home/ADMIN/Downloads/android-studio/jre/lib/libjava.so
7f5bc5ca4000-7f5bc5ea4000 ---p 00025000 08:04 5505175                    /home/ADMIN/Downloads/android-studio/jre/lib/libjava.so
7f5bc5ea4000-7f5bc5ea5000 r--p 00025000 08:04 5505175                    /home/ADMIN/Downloads/android-studio/jre/lib/libjava.so
7f5bc5ea5000-7f5bc5ea6000 rw-p 00026000 08:04 5505175                    /home/ADMIN/Downloads/android-studio/jre/lib/libjava.so
7f5bc5ea6000-7f5bc5eb4000 r-xp 00000000 08:04 5505096                    /home/ADMIN/Downloads/android-studio/jre/lib/libverify.so
7f5bc5eb4000-7f5bc60b3000 ---p 0000e000 08:04 5505096                    /home/ADMIN/Downloads/android-studio/jre/lib/libverify.so
7f5bc60b3000-7f5bc60b5000 r--p 0000d000 08:04 5505096                    /home/ADMIN/Downloads/android-studio/jre/lib/libverify.so
7f5bc60b5000-7f5bc60b6000 rw-p 0000f000 08:04 5505096                    /home/ADMIN/Downloads/android-studio/jre/lib/libverify.so
7f5bc60b6000-7f5bc60b8000 r--p 00000000 08:04 2626297                    /usr/lib/x86_64-linux-gnu/librt-2.28.so
7f5bc60b8000-7f5bc60bc000 r-xp 00002000 08:04 2626297                    /usr/lib/x86_64-linux-gnu/librt-2.28.so
7f5bc60bc000-7f5bc60be000 r--p 00006000 08:04 2626297                    /usr/lib/x86_64-linux-gnu/librt-2.28.so
7f5bc60be000-7f5bc60bf000 r--p 00007000 08:04 2626297                    /usr/lib/x86_64-linux-gnu/librt-2.28.so
7f5bc60bf000-7f5bc60c0000 rw-p 00008000 08:04 2626297                    /usr/lib/x86_64-linux-gnu/librt-2.28.so
7f5bc60c0000-7f5bc60c4000 ---p 00000000 00:00 0 
7f5bc60c4000-7f5bc61c1000 rw-p 00000000 00:00 0 
7f5bc61c1000-7f5bc61ce000 r--p 00000000 08:04 2625847                    /usr/lib/x86_64-linux-gnu/libm-2.28.so
7f5bc61ce000-7f5bc626d000 r-xp 0000d000 08:04 2625847                    /usr/lib/x86_64-linux-gnu/libm-2.28.so
7f5bc626d000-7f5bc6342000 r--p 000ac000 08:04 2625847                    /usr/lib/x86_64-linux-gnu/libm-2.28.so
7f5bc6342000-7f5bc6343000 r--p 00180000 08:04 2625847                    /usr/lib/x86_64-linux-gnu/libm-2.28.so
7f5bc6343000-7f5bc6344000 rw-p 00181000 08:04 2625847                    /usr/lib/x86_64-linux-gnu/libm-2.28.so
7f5bc6344000-7f5bc7287000 r-xp 00000000 08:04 5505081                    /home/ADMIN/Downloads/android-studio/jre/lib/server/libjvm.so
7f5bc7287000-7f5bc7487000 ---p 00f43000 08:04 5505081                    /home/ADMIN/Downloads/android-studio/jre/lib/server/libjvm.so
7f5bc7487000-7f5bc754b000 r--p 00f43000 08:04 5505081                    /home/ADMIN/Downloads/android-studio/jre/lib/server/libjvm.so
7f5bc754b000-7f5bc7582000 rw-p 01007000 08:04 5505081                    /home/ADMIN/Downloads/android-studio/jre/lib/server/libjvm.so
7f5bc7582000-7f5bc75ec000 rw-p 00000000 00:00 0 
7f5bc75ec000-7f5bc760e000 r--p 00000000 08:04 2625026                    /usr/lib/x86_64-linux-gnu/libc-2.28.so
7f5bc760e000-7f5bc7756000 r-xp 00022000 08:04 2625026                    /usr/lib/x86_64-linux-gnu/libc-2.28.so
7f5bc7756000-7f5bc77a2000 r--p 0016a000 08:04 2625026                    /usr/lib/x86_64-linux-gnu/libc-2.28.so
7f5bc77a2000-7f5bc77a3000 ---p 001b6000 08:04 2625026                    /usr/lib/x86_64-linux-gnu/libc-2.28.so
7f5bc77a3000-7f5bc77a7000 r--p 001b6000 08:04 2625026                    /usr/lib/x86_64-linux-gnu/libc-2.28.so
7f5bc77a7000-7f5bc77a9000 rw-p 001ba000 08:04 2625026                    /usr/lib/x86_64-linux-gnu/libc-2.28.so
7f5bc77a9000-7f5bc77ad000 rw-p 00000000 00:00 0 
7f5bc77ad000-7f5bc77ae000 r--p 00000000 08:04 2625184                    /usr/lib/x86_64-linux-gnu/libdl-2.28.so
7f5bc77ae000-7f5bc77af000 r-xp 00001000 08:04 2625184                    /usr/lib/x86_64-linux-gnu/libdl-2.28.so
7f5bc77af000-7f5bc77b0000 r--p 00002000 08:04 2625184                    /usr/lib/x86_64-linux-gnu/libdl-2.28.so
7f5bc77b0000-7f5bc77b1000 r--p 00002000 08:04 2625184                    /usr/lib/x86_64-linux-gnu/libdl-2.28.so
7f5bc77b1000-7f5bc77b2000 rw-p 00003000 08:04 2625184                    /usr/lib/x86_64-linux-gnu/libdl-2.28.so
7f5bc77b2000-7f5bc77c8000 r-xp 00000000 08:04 5505191                    /home/ADMIN/Downloads/android-studio/jre/lib/jli/libjli.so
7f5bc77c8000-7f5bc79c7000 ---p 00016000 08:04 5505191                    /home/ADMIN/Downloads/android-studio/jre/lib/jli/libjli.so
7f5bc79c7000-7f5bc79c8000 r--p 00015000 08:04 5505191                    /home/ADMIN/Downloads/android-studio/jre/lib/jli/libjli.so
7f5bc79c8000-7f5bc79c9000 rw-p 00016000 08:04 5505191                    /home/ADMIN/Downloads/android-studio/jre/lib/jli/libjli.so
7f5bc79c9000-7f5bc79cf000 r--p 00000000 08:04 2626219                    /usr/lib/x86_64-linux-gnu/libpthread-2.28.so
7f5bc79cf000-7f5bc79de000 r-xp 00006000 08:04 2626219                    /usr/lib/x86_64-linux-gnu/libpthread-2.28.so
7f5bc79de000-7f5bc79e4000 r--p 00015000 08:04 2626219                    /usr/lib/x86_64-linux-gnu/libpthread-2.28.so
7f5bc79e4000-7f5bc79e5000 r--p 0001a000 08:04 2626219                    /usr/lib/x86_64-linux-gnu/libpthread-2.28.so
7f5bc79e5000-7f5bc79e6000 rw-p 0001b000 08:04 2626219                    /usr/lib/x86_64-linux-gnu/libpthread-2.28.so
7f5bc79e6000-7f5bc79ec000 rw-p 00000000 00:00 0 
7f5bc79ee000-7f5bc79f1000 r--p 00000000 08:04 2626020                    /usr/lib/x86_64-linux-gnu/libnss_files-2.28.so
7f5bc79f1000-7f5bc79f8000 r-xp 00003000 08:04 2626020                    /usr/lib/x86_64-linux-gnu/libnss_files-2.28.so
7f5bc79f8000-7f5bc79fa000 r--p 0000a000 08:04 2626020                    /usr/lib/x86_64-linux-gnu/libnss_files-2.28.so
7f5bc79fa000-7f5bc79fb000 ---p 0000c000 08:04 2626020                    /usr/lib/x86_64-linux-gnu/libnss_files-2.28.so
7f5bc79fb000-7f5bc79fc000 r--p 0000c000 08:04 2626020                    /usr/lib/x86_64-linux-gnu/libnss_files-2.28.so
7f5bc79fc000-7f5bc79fd000 rw-p 0000d000 08:04 2626020                    /usr/lib/x86_64-linux-gnu/libnss_files-2.28.so
7f5bc79fd000-7f5bc7a03000 rw-p 00000000 00:00 0 
7f5bc7a03000-7f5bc7a04000 ---p 00000000 00:00 0 
7f5bc7a04000-7f5bc7a05000 r--p 00000000 00:00 0 
7f5bc7a05000-7f5bc7a06000 r--p 00000000 08:04 2624459                    /usr/lib/x86_64-linux-gnu/ld-2.28.so
7f5bc7a06000-7f5bc7a24000 r-xp 00001000 08:04 2624459                    /usr/lib/x86_64-linux-gnu/ld-2.28.so
7f5bc7a24000-7f5bc7a2c000 r--p 0001f000 08:04 2624459                    /usr/lib/x86_64-linux-gnu/ld-2.28.so
7f5bc7a2c000-7f5bc7a2d000 r--p 00026000 08:04 2624459                    /usr/lib/x86_64-linux-gnu/ld-2.28.so
7f5bc7a2d000-7f5bc7a2e000 rw-p 00027000 08:04 2624459                    /usr/lib/x86_64-linux-gnu/ld-2.28.so
7f5bc7a2e000-7f5bc7a2f000 rw-p 00000000 00:00 0 
7ffe5e155000-7ffe5e176000 rw-p 00000000 00:00 0                          [stack]
7ffe5e1ae000-7ffe5e1b1000 r--p 00000000 00:00 0                          [vvar]
7ffe5e1b1000-7ffe5e1b3000 r-xp 00000000 00:00 0                          [vdso]


VM Arguments:
java_command: org.jetbrains.kotlin.cli.jvm.K2JVMCompiler @/home/ADMIN/AndroidStudioProjects/ShoppingList2/app/build/20210528_11325073074751058641.compiler.options
java_class_path (initial): /home/ADMIN/.gradle/caches/modules-2/files-2.1/org.jetbrains.kotlin/kotlin-compiler-embeddable/1.5.10/9c35134a025cab7a1e6eee0d87d241c2f30c1218/kotlin-compiler-embeddable-1.5.10.jar:/home/ADMIN/.gradle/caches/modules-2/files-2.1/org.jetbrains.kotlin/kotlin-reflect/1.5.10/d6c70f3c0df2457ea0095c61c1fc1188017dc3bc/kotlin-reflect-1.5.10.jar:/home/ADMIN/.gradle/caches/modules-2/files-2.1/org.jetbrains.kotlin/kotlin-stdlib/1.5.10/da6a904b132f0402fa4d79169a3c1770598d4702/kotlin-stdlib-1.5.10.jar:/home/ADMIN/.gradle/caches/modules-2/files-2.1/org.jetbrains.kotlin/kotlin-script-runtime/1.5.10/69bad0ece91b0797055aeadbd44dc742c458398b/kotlin-script-runtime-1.5.10.jar:/home/ADMIN/.gradle/caches/modules-2/files-2.1/org.jetbrains.kotlin/kotlin-daemon-embeddable/1.5.10/d06ad33b62b041dae0609f830c3b48135d53b8bc/kotlin-daemon-embeddable-1.5.10.jar:/home/ADMIN/.gradle/caches/modules-2/files-2.1/org.jetbrains.intellij.deps/trove4j/1.0.20181211/216c2e14b070f334479d800987affe4054cd563f/trove4j-1.0.20181211.jar:/home/ADMIN/.gradle/caches/modules-2/files-2.1/org.jetbrains/annotations/13.0/919f0dfe192fb4e063e7dacadee7f8bb9a2672a9/annotations-13.0.jar:/home/ADMIN/.gradle/caches/modules-2/files-2.1/org.jetbrains.kotlin/kotlin-stdlib-common/1.5.10/6b84d926e28493be69daf673e40076f89492ef7/kotlin-stdlib-common-1.5.10.jar
Launcher Type: SUN_STANDARD

[Global flags]
     intx CICompilerCount                          = 3                                         {product} {ergonomic}
     uint ConcGCThreads                            = 1                                         {product} {ergonomic}
     uint G1ConcRefinementThreads                  = 4                                         {product} {ergonomic}
   size_t G1HeapRegionSize                         = 1048576                                   {product} {ergonomic}
    uintx GCDrainStackTargetSize                   = 64                                        {product} {ergonomic}
   size_t InitialHeapSize                          = 65011712                                  {product} {ergonomic}
   size_t MarkStackSize                            = 4194304                                   {product} {ergonomic}
   size_t MaxHeapSize                              = 1017118720                                {product} {ergonomic}
   size_t MaxNewSize                               = 610271232                                 {product} {ergonomic}
   size_t MinHeapDeltaBytes                        = 1048576                                   {product} {ergonomic}
    uintx NonNMethodCodeHeapSize                   = 5830732                                {pd product} {ergonomic}
    uintx NonProfiledCodeHeapSize                  = 122913754                              {pd product} {ergonomic}
    uintx ProfiledCodeHeapSize                     = 122913754                              {pd product} {ergonomic}
    uintx ReservedCodeCacheSize                    = 251658240                              {pd product} {ergonomic}
     bool SegmentedCodeCache                       = true                                      {product} {ergonomic}
     bool UseCompressedClassPointers               = true                                 {lp64_product} {ergonomic}
     bool UseCompressedOops                        = true                                 {lp64_product} {ergonomic}
     bool UseG1GC                                  = true                                      {product} {ergonomic}

Logging:
Log output configuration:
 #0: stdout all=warning uptime,level,tags
 #1: stderr all=off uptime,level,tags

Environment Variables:
PATH=/usr/local/bin:/usr/bin:/bin:/usr/local/games:/usr/games
SHELL=/bin/bash
DISPLAY=:0.0
LANG=en_US.UTF-8

Signal Handlers:
SIGSEGV: [libjvm.so+0xc44740], sa_mask[0]=11111111011111111101111111111110, sa_flags=SA_RESTART|SA_SIGINFO
SIGBUS: [libjvm.so+0xc44740], sa_mask[0]=11111111011111111101111111111110, sa_flags=SA_RESTART|SA_SIGINFO
SIGFPE: [libjvm.so+0xc44740], sa_mask[0]=11111111011111111101111111111110, sa_flags=SA_RESTART|SA_SIGINFO
SIGPIPE: [libjvm.so+0xa93800], sa_mask[0]=11111111011111111101111111111110, sa_flags=SA_RESTART|SA_SIGINFO
SIGXFSZ: [libjvm.so+0xa93800], sa_mask[0]=11111111011111111101111111111110, sa_flags=SA_RESTART|SA_SIGINFO
SIGILL: [libjvm.so+0xc44740], sa_mask[0]=11111111011111111101111111111110, sa_flags=SA_RESTART|SA_SIGINFO
SIGUSR2: [libjvm.so+0xa93ee0], sa_mask[0]=00100000000000000000000000000000, sa_flags=SA_RESTART|SA_SIGINFO
SIGHUP: [libjvm.so+0xa90920], sa_mask[0]=11111111011111111101111111111110, sa_flags=SA_RESTART|SA_SIGINFO
SIGINT: [libjvm.so+0xa90920], sa_mask[0]=11111111011111111101111111111110, sa_flags=SA_RESTART|SA_SIGINFO
SIGTERM: [libjvm.so+0xa90920], sa_mask[0]=11111111011111111101111111111110, sa_flags=SA_RESTART|SA_SIGINFO
SIGQUIT: [libjvm.so+0xa90920], sa_mask[0]=11111111011111111101111111111110, sa_flags=SA_RESTART|SA_SIGINFO


---------------  S Y S T E M  ---------------

OS:PRETTY_NAME="MX 19.3 patito feo"
DISTRIB_ID=MX
DISTRIB_RELEASE=19.3 
DISTRIB_CODENAME="patito feo"
DISTRIB_DESCRIPTION="MX 19.3 patito feo"
uname:Linux 4.19.0-16-amd64 #1 SMP Debian 4.19.181-1 (2021-03-19) x86_64
OS uptime: 0 days 0:11 hours
libc:glibc 2.28 NPTL 2.28 
rlimit (soft/hard): STACK 8192k/infinity , CORE 0k/infinity , NPROC 15235/15235 , NOFILE 4096/4096 , AS infinity/infinity , CPU infinity/infinity , DATA infinity/infinity , FSIZE infinity/infinity , MEMLOCK 64k/64k
load average:9.24 7.32 3.67

/proc/meminfo:
MemTotal:        3968284 kB
MemFree:           96024 kB
MemAvailable:          0 kB
Buffers:             424 kB
Cached:           104980 kB
SwapCached:            0 kB
Active:          3585512 kB
Inactive:         102744 kB
Active(anon):    3584484 kB
Inactive(anon):    94376 kB
Active(file):       1028 kB
Inactive(file):     8368 kB
Unevictable:          32 kB
Mlocked:              32 kB
SwapTotal:             0 kB
SwapFree:              0 kB
Dirty:                24 kB
Writeback:             0 kB
AnonPages:       3583680 kB
Mapped:            26476 kB
Shmem:             95212 kB
Slab:              70528 kB
SReclaimable:      33424 kB
SUnreclaim:        37104 kB
KernelStack:        7104 kB
PageTables:        17632 kB
NFS_Unstable:          0 kB
Bounce:                0 kB
WritebackTmp:          0 kB
CommitLimit:     1984140 kB
Committed_AS:    4667544 kB
VmallocTotal:   34359738367 kB
VmallocUsed:           0 kB
VmallocChunk:          0 kB
Percpu:              864 kB
HardwareCorrupted:     0 kB
AnonHugePages:   1376256 kB
ShmemHugePages:        0 kB
ShmemPmdMapped:        0 kB
HugePages_Total:       0
HugePages_Free:        0
HugePages_Rsvd:        0
HugePages_Surp:        0
Hugepagesize:       2048 kB
Hugetlb:               0 kB
DirectMap4k:      146176 kB
DirectMap2M:     2926592 kB
DirectMap1G:     2097152 kB

/sys/kernel/mm/transparent_hugepage/enabled:
[always] madvise never

/sys/kernel/mm/transparent_hugepage/defrag (defrag/compaction efforts parameter):
always defer defer+madvise [madvise] never


/proc/sys/kernel/threads-max (system-wide limit on the number of threads):
30471


/proc/sys/vm/max_map_count (maximum number of memory map areas a process may have):
65530


/proc/sys/kernel/pid_max (system-wide limit on number of process identifiers):
32768



Steal ticks since vm start: 0
Steal ticks percentage since vm start:  0.000

CPU:total 4 (initial active 4) (2 cores per cpu, 2 threads per core) family 6 model 61 stepping 4, cmov, cx8, fxsr, mmx, sse, sse2, sse3, ssse3, sse4.1, sse4.2, popcnt, avx, avx2, aes, clmul, erms, 3dnowpref, lzcnt, ht, tsc, tscinvbit, bmi1, bmi2, adx, fma
CPU Model and flags from /proc/cpuinfo:
model name	: Intel(R) Core(TM) i3-5010U CPU @ 2.10GHz
flags		: fpu vme de pse tsc msr pae mce cx8 apic sep mtrr pge mca cmov pat pse36 clflush dts acpi mmx fxsr sse sse2 ss ht tm pbe syscall nx pdpe1gb rdtscp lm constant_tsc arch_perfmon pebs bts rep_good nopl xtopology nonstop_tsc cpuid aperfmperf pni pclmulqdq dtes64 monitor ds_cpl vmx est tm2 ssse3 sdbg fma cx16 xtpr pdcm pcid sse4_1 sse4_2 x2apic movbe popcnt tsc_deadline_timer aes xsave avx f16c rdrand lahf_lm abm 3dnowprefetch cpuid_fault epb invpcid_single pti ssbd ibrs ibpb stibp tpr_shadow vnmi flexpriority ept vpid ept_ad fsgsbase tsc_adjust bmi1 avx2 smep bmi2 erms invpcid rdseed adx smap intel_pt xsaveopt dtherm arat pln pts md_clear flush_l1d

Memory: 4k page, physical 3968284k(95520k free), swap 0k(0k free)

vm_info: OpenJDK 64-Bit Server VM (11.0.8+0-b944-6842174) for linux-amd64 JRE (11.0.8+0-b944-6842174), built on Sep 16 2020 23:33:28 by "androidbuild" with gcc 4.2.1 Compatible Android (5484270 based on r353983c) Clang 9.0.3 (https://android.googlesource.com/toolchain/clang 745b335211bb9eadfa6aa6301f84715cee4b37c5) (https://android.googlesource.com/toolchain/llvm 60cf23e54e46c807513f7a36d0a7b777920b5881)

END.
